2020/04/22 14:49:17.716 [I] [router.go:835]  apply/openid:  oPFKq5e8233gXjRjdL4OdPCfR99s
2020/04/22 14:49:17.722 [I] [router.go:835]  apply:  {oPFKq5e8233gXjRjdL4OdPCfR99s 6040500014526 yanglt 16327114 ä¸°ç››å ‚Cåº§3æ¥¼301 2020-04-21 æ•™å­¦ 211609 8008-60-4 åˆ†æçº¯ 100ML 100}
2020/04/22 14:49:17.735 [I] [router.go:835]  å°†applyå­˜å…¥æ•°æ®åº“ä¸­æˆåŠŸ, id =  1
2020/04/22 14:49:17.736 [I] [router.go:835]  apply/errCode&errMsg:  0 applyè¯·æ±‚æˆåŠŸ
2020/04/22 14:49:17.736 [D] [server.go:2807]  |            ::1|[42m 200 [0m|    21.9398ms|   match|[46m POST    [0m /apply   r:/apply
2020/04/22 14:49:17.738 [I] [router.go:835]  auth/token:  eyJhbGciOiJIUzI1NiIsInR5cCI6IkpXVCJ9.eyJleHAiOjE1ODc3Mjg5OTIsIm9wZW5pZCI6Im9QRktxNWU4MjMzZ1hqUmpkTDRPZFBDZlI5OXMifQ.56hSML25njbMJPuBgPZkqD7652oTeHjZ_sgVTbzqbIo
2020/04/22 14:49:17.739 [I] [router.go:835]  auth/openid:  oPFKq5e8233gXjRjdL4OdPCfR99s
2020/04/22 14:49:17.739 [I] [auth.go:28]  QueryUserId:  select id from users where openid="oPFKq5e8233gXjRjdL4OdPCfR99s"
2020/04/22 14:49:17.740 [I] [router.go:835]  auth/errCode&errMsg:  0 authè¯·æ±‚æˆåŠŸ
2020/04/22 14:49:17.740 [D] [server.go:2807]  |            ::1|[42m 200 [0m|     1.9947ms|   match|[46m POST    [0m /auth   r:/auth
2020/04/22 14:49:17.741 [I] [router.go:835]  input/token:  eyJhbGciOiJIUzI1NiIsInR5cCI6IkpXVCJ9.eyJleHAiOjE1ODc3Mjg5OTIsIm9wZW5pZCI6Im9QRktxNWU4MjMzZ1hqUmpkTDRPZFBDZlI5OXMifQ.56hSML25njbMJPuBgPZkqD7652oTeHjZ_sgVTbzqbIo
2020/04/22 14:49:17.743 [I] [router.go:835]  input/openid:  oPFKq5e8233gXjRjdL4OdPCfR99s
2020/04/22 14:49:17.743 [I] [router.go:835]  input:  {oPFKq5e8233gXjRjdL4OdPCfR99s 431870009056 yanglt 16327114 ä¸°ç››å ‚Cåº§3æ¥¼301 æ•™å­¦ 211609 8008-60-4 åˆ†æçº¯ 100ML 100 hope hope 84115662}
2020/04/22 14:49:17.744 [I] [router.go:835]  å°†inputå­˜å…¥æ•°æ®åº“ä¸­æˆåŠŸ, id =  1
2020/04/22 14:49:17.745 [I] [router.go:835]  input/errCode&errMsg:  0 inputè¯·æ±‚æˆåŠŸ
2020/04/22 14:49:17.745 [D] [server.go:2807]  |            ::1|[42m 200 [0m|     3.9892ms|   match|[46m POST    [0m /input   r:/input
2020/04/22 14:49:17.747 [I] [router.go:835]  code:  0236CMfa2HDk8K02fBfa23d3ga26CMfr
2020/04/22 14:49:18.221 [E] [router.go:835]  invalid code, hints: [ req_id: yGKBzzyFe-VWRura ]
2020/04/22 14:49:18.222 [E] [router.go:835]  40029
2020/04/22 14:49:18.223 [D] [server.go:2807]  |            ::1|[42m 200 [0m|     475.89ms|   match|[46m POST    [0m /login   r:/login
2020/04/22 14:49:18.505 [I] [msds.go:25]  msds/id: kot0me
2020/04/22 14:49:18.505 [I] [msds.go:25]  msds/name: é˜¿ç‰‡
2020/04/22 14:49:18.506 [I] [router.go:833]  apply/errCode&errMsg:  0 msdsè¯·æ±‚æˆåŠŸ kot0me é˜¿ç‰‡
2020/04/22 14:49:18.508 [D] [server.go:2807]  |            ::1|[42m 200 [0m|    281.202ms|   match|[44m GET     [0m /msds   r:/msds
2020/04/22 14:49:18.510 [I] [router.go:835]  note/token:  eyJhbGciOiJIUzI1NiIsInR5cCI6IkpXVCJ9.eyJleHAiOjE1ODc3Mjg5OTIsIm9wZW5pZCI6Im9QRktxNWU4MjMzZ1hqUmpkTDRPZFBDZlI5OXMifQ.56hSML25njbMJPuBgPZkqD7652oTeHjZ_sgVTbzqbIo
2020/04/22 14:49:18.511 [I] [router.go:835]  note/openid:  oPFKq5e8233gXjRjdL4OdPCfR99s
2020/04/22 14:49:18.513 [I] [router.go:835]  note:  {oPFKq5e8233gXjRjdL4OdPCfR99s 6040500014526 8008-60-4 note}
2020/04/22 14:49:18.514 [I] [note.go:37]  UpdateNote:  update apply set note="note" where order_id="6040500014526" and openid="oPFKq5e8233gXjRjdL4OdPCfR99s"
2020/04/22 14:49:18.518 [I] [router.go:835]  æ›´æ–°noteæˆåŠŸ, id =  1
2020/04/22 14:49:18.519 [I] [router.go:835]  note/errCode&errMsg:  0 noteè¯·æ±‚æˆåŠŸ
2020/04/22 14:49:18.519 [D] [server.go:2807]  |            ::1|[42m 200 [0m|     8.9761ms|   match|[46m POST    [0m /note   r:/note
2020/04/22 14:49:18.522 [I] [router.go:833]  order/token:  eyJhbGciOiJIUzI1NiIsInR5cCI6IkpXVCJ9.eyJleHAiOjE1ODc3Mjg5OTIsIm9wZW5pZCI6Im9QRktxNWU4MjMzZ1hqUmpkTDRPZFBDZlI5OXMifQ.56hSML25njbMJPuBgPZkqD7652oTeHjZ_sgVTbzqbIo
2020/04/22 14:49:18.523 [I] [router.go:833]  order/openid:  oPFKq5e8233gXjRjdL4OdPCfR99s
2020/04/22 14:49:18.524 [I] [order.go:37]  OrderQueryInput:  select order_id, addr, input_use, check_id, check_flag, cas, purity, specs, input_count,create_time from input where openid="oPFKq5e8233gXjRjdL4OdPCfR99s" order by create_time DESC
2020/04/22 14:49:18.525 [I] [router.go:833]  orderqueryinput:  [{431870009056 ä¸°ç››å ‚Cåº§3æ¥¼301 æ•™å­¦ 211609 0 8008-60-4 åˆ†æçº¯ 100ML 100 2020-04-22 14:49:17} {431870009056 ä¸°ç››å ‚Cåº§3æ¥¼301 æ•™å­¦ 211609 0 8008-60-4 åˆ†æçº¯ 100ML 100 2020-04-22 14:46:11} {431870009056 ä¸°ç››å ‚Cåº§3æ¥¼301 æ•™å­¦ 211609 0 8008-60-4 åˆ†æçº¯ 100ML 100 2020-04-22 14:41:31} {431870009056 ä¸°ç››å ‚Cåº§3æ¥¼301 æ•™å­¦ 211609 0 8008-60-4 åˆ†æçº¯ 100ML 100 2020-04-22 14:38:13} {431870009056 ä¸°ç››å ‚Cåº§3æ¥¼301 æ•™å­¦ 211609 0 8008-60-4 åˆ†æçº¯ 100ML 100 2020-04-22 14:37:04} {431870009056 ä¸°ç››å ‚Cåº§3æ¥¼301 æ•™å­¦ 211609 0 8008-60-4 åˆ†æçº¯ 100ML 100 2020-04-22 14:34:23} {431870009056 ä¸°ç››å ‚Cåº§3æ¥¼301 æ•™å­¦ 211609 0 8008-60-4 åˆ†æçº¯ 100ML 100 2020-04-22 14:31:20} {431870009056 ä¸°ç››å ‚Cåº§3æ¥¼301 æ•™å­¦ 211609 0 8008-60-4 åˆ†æçº¯ 100ML 100 2020-04-22 14:29:28} {431870009056 ä¸°ç››å ‚Cåº§3æ¥¼301 æ•™å­¦ 211609 0 8008-60-4 åˆ†æçº¯ 100ML 100 2020-04-22 14:25:51} {431870009056 ä¸°ç››å ‚Cåº§3æ¥¼301 æ•™å­¦ 211609 0 8008-60-4 åˆ†æçº¯ 100ML 100 2020-04-22 14:18:22} {431870009056 ä¸°ç››å ‚Cåº§3æ¥¼301 æ•™å­¦ 211609 0 8008-60-4 åˆ†æçº¯ 100ML 100 2020-04-22 14:12:41} {431870009056 ä¸°ç››å ‚Cåº§3æ¥¼301 æ•™å­¦ 211609 0 8008-60-4 åˆ†æçº¯ 100ML 100 2020-04-22 14:11:57} {431870009056 ä¸°ç››å ‚Cåº§3æ¥¼301 æ•™å­¦ 211609 0 8008-60-4 åˆ†æçº¯ 100ML 100 2020-04-22 14:08:57} {5938300018034 ä¸°ç››å ‚Aåº§1æ¥¼101 æ•™å­¦ 10086 0 8008-60-4 åŒ–å­¦çº¯ 100ML 1000 2020-04-07 19:36:24} {5172400010581 ä¸°ç››å ‚Aåº§1æ¥¼101 æ•™å­¦ 10086 0 8008-60-4 åŒ–å­¦çº¯ 100ML 4000 2020-04-07 17:28:44} {5125200011404 ä¸°ç››å ‚Aåº§1æ¥¼101 æ•™å­¦ 661810 0 8008-60-4 åŒ–å­¦çº¯ 100ML 3000 2020-04-07 17:20:52} {5048500015536 ä¸°ç››å ‚Aåº§1æ¥¼101 æ•™å­¦ 1008611 0 8008-60-4 åŒ–å­¦çº¯ 100ML 2000 2020-04-07 17:08:06} {431870009055 ä¸°ç››å ‚Aåº§1æ¥¼101 æ•™å­¦ 211609 1 8008-60-4 åŒ–å­¦çº¯ 100ML 1000 2020-04-07 15:06:27}]
2020/04/22 14:49:18.531 [I] [order.go:40]  OrderQueryApply:  select order_id, addr, apply_use, check_id, check_flag, cas, purity, specs, apply_count, apply_time, create_time from apply where openid="oPFKq5e8233gXjRjdL4OdPCfR99s" order by create_time DESC
2020/04/22 14:49:18.533 [I] [router.go:833]  orderqueryapply:  [{6040500014526 ä¸°ç››å ‚Cåº§3æ¥¼301 æ•™å­¦ 211609 0 8008-60-4 åˆ†æçº¯ 100ML 100 2020-04-21 2020-04-22 14:49:17} {6040500014526 ä¸°ç››å ‚Cåº§3æ¥¼301 æ•™å­¦ 211609 0 8008-60-4 åˆ†æçº¯ 100ML 100 2020-04-21 2020-04-22 14:46:11} {6040500014526 ä¸°ç››å ‚Cåº§3æ¥¼301 æ•™å­¦ 211609 0 8008-60-4 åˆ†æçº¯ 100ML 100 2020-04-21 2020-04-22 14:41:31} {6040500014526 ä¸°ç››å ‚Cåº§3æ¥¼301 æ•™å­¦ 211609 0 8008-60-4 åˆ†æçº¯ 100ML 100 2020-04-21 2020-04-22 14:38:13} {6040500014526 ä¸°ç››å ‚Cåº§3æ¥¼301 æ•™å­¦ 211609 0 8008-60-4 åˆ†æçº¯ 100ML 100 2020-04-21 2020-04-22 14:37:04} {6040500014526 ä¸°ç››å ‚Cåº§3æ¥¼301 æ•™å­¦ 211609 0 8008-60-4 åˆ†æçº¯ 100ML 100 2020-04-21 2020-04-22 14:34:23} {6040500014526 ä¸°ç››å ‚Cåº§3æ¥¼301 æ•™å­¦ 211609 0 8008-60-4 åˆ†æçº¯ 100ML 100 2020-04-21 2020-04-22 14:31:20} {6040500014526 ä¸°ç››å ‚Cåº§3æ¥¼301 æ•™å­¦ 211609 0 8008-60-4 åˆ†æçº¯ 100ML 100 2020-04-21 2020-04-22 14:29:28} {6040500014526 ä¸°ç››å ‚Cåº§3æ¥¼301 æ•™å­¦ 211609 0 8008-60-4 åˆ†æçº¯ 100ML 100 2020-04-21 2020-04-22 14:25:51} {6040500014526 ä¸°ç››å ‚Cåº§3æ¥¼301 æ•™å­¦ 211609 0 8008-60-4 åˆ†æçº¯ 100ML 100 2020-04-21 2020-04-22 14:18:22} {6040500014526 ä¸°ç››å ‚Cåº§3æ¥¼301 æ•™å­¦ 211609 0 8008-60-4 åˆ†æçº¯ 100ML 100 2020-04-21 2020-04-22 14:12:40} {6040500014526 ä¸°ç››å ‚Cåº§3æ¥¼301 æ•™å­¦ 211609 0 8008-60-4 åˆ†æçº¯ 100ML 100 2020-04-21 2020-04-22 14:11:57} {6040500014526 ä¸°ç››å ‚Cåº§3æ¥¼301 æ•™å­¦ 211609 0 8008-60-4 åˆ†æçº¯ 100ML 100 2020-04-21 2020-04-22 14:08:57} {7593600012938 ä¸°ç››å ‚Aåº§1æ¥¼101 æ•™å­¦ 10086 0 8008-60-4 åŒ–å­¦çº¯ 100ML 90 2020-04-19 2020-04-19 13:58:56} {7351400010689 ä¸°ç››å ‚Aåº§1æ¥¼101 æ•™å­¦ 211609 0 7664-41-7 åŒ–å­¦çº¯ 100ML 808 2020-04-19 2020-04-19 13:18:34} {7196100011123 ä¸°ç››å ‚Aåº§1æ¥¼101 æ•™å­¦ 211609 0 8008-60-4 åŒ–å­¦çº¯ 100ML 299 2020-04-12 2020-04-12 14:12:41} {7554800014508 ä¸°ç››å ‚Aåº§1æ¥¼101 æ•™å­¦ 1008611 0 8008-60-4 åŒ–å­¦çº¯ 100ML 209 2020-04-08 2020-04-08 00:05:48} {6054500018582 ä¸°ç››å ‚Aåº§1æ¥¼101 æ•™å­¦ 211609 0 8008-60-4 åŒ–å­¦çº¯ 100ML 320 2020-04-07 2020-04-07 19:55:45} {6040500014525 ä¸°ç››å ‚Aåº§1æ¥¼101 æ•™å­¦ 211609 1 8008-60-4 åŒ–å­¦çº¯ 100ML 490 2020-04-07 2020-04-07 19:53:25}]
2020/04/22 14:49:18.538 [I] [router.go:833]  order/errCode&errMsg:  0 orderè¯·æ±‚æˆåŠŸ [{431870009056 ä¸°ç››å ‚Cåº§3æ¥¼301 æ•™å­¦ 211609 0 8008-60-4 åˆ†æçº¯ 100ML 100 2020-04-22 14:49:17} {431870009056 ä¸°ç››å ‚Cåº§3æ¥¼301 æ•™å­¦ 211609 0 8008-60-4 åˆ†æçº¯ 100ML 100 2020-04-22 14:46:11} {431870009056 ä¸°ç››å ‚Cåº§3æ¥¼301 æ•™å­¦ 211609 0 8008-60-4 åˆ†æçº¯ 100ML 100 2020-04-22 14:41:31} {431870009056 ä¸°ç››å ‚Cåº§3æ¥¼301 æ•™å­¦ 211609 0 8008-60-4 åˆ†æçº¯ 100ML 100 2020-04-22 14:38:13} {431870009056 ä¸°ç››å ‚Cåº§3æ¥¼301 æ•™å­¦ 211609 0 8008-60-4 åˆ†æçº¯ 100ML 100 2020-04-22 14:37:04} {431870009056 ä¸°ç››å ‚Cåº§3æ¥¼301 æ•™å­¦ 211609 0 8008-60-4 åˆ†æçº¯ 100ML 100 2020-04-22 14:34:23} {431870009056 ä¸°ç››å ‚Cåº§3æ¥¼301 æ•™å­¦ 211609 0 8008-60-4 åˆ†æçº¯ 100ML 100 2020-04-22 14:31:20} {431870009056 ä¸°ç››å ‚Cåº§3æ¥¼301 æ•™å­¦ 211609 0 8008-60-4 åˆ†æçº¯ 100ML 100 2020-04-22 14:29:28} {431870009056 ä¸°ç››å ‚Cåº§3æ¥¼301 æ•™å­¦ 211609 0 8008-60-4 åˆ†æçº¯ 100ML 100 2020-04-22 14:25:51} {431870009056 ä¸°ç››å ‚Cåº§3æ¥¼301 æ•™å­¦ 211609 0 8008-60-4 åˆ†æçº¯ 100ML 100 2020-04-22 14:18:22} {431870009056 ä¸°ç››å ‚Cåº§3æ¥¼301 æ•™å­¦ 211609 0 8008-60-4 åˆ†æçº¯ 100ML 100 2020-04-22 14:12:41} {431870009056 ä¸°ç››å ‚Cåº§3æ¥¼301 æ•™å­¦ 211609 0 8008-60-4 åˆ†æçº¯ 100ML 100 2020-04-22 14:11:57} {431870009056 ä¸°ç››å ‚Cåº§3æ¥¼301 æ•™å­¦ 211609 0 8008-60-4 åˆ†æçº¯ 100ML 100 2020-04-22 14:08:57} {5938300018034 ä¸°ç››å ‚Aåº§1æ¥¼101 æ•™å­¦ 10086 0 8008-60-4 åŒ–å­¦çº¯ 100ML 1000 2020-04-07 19:36:24} {5172400010581 ä¸°ç››å ‚Aåº§1æ¥¼101 æ•™å­¦ 10086 0 8008-60-4 åŒ–å­¦çº¯ 100ML 4000 2020-04-07 17:28:44} {5125200011404 ä¸°ç››å ‚Aåº§1æ¥¼101 æ•™å­¦ 661810 0 8008-60-4 åŒ–å­¦çº¯ 100ML 3000 2020-04-07 17:20:52} {5048500015536 ä¸°ç››å ‚Aåº§1æ¥¼101 æ•™å­¦ 1008611 0 8008-60-4 åŒ–å­¦çº¯ 100ML 2000 2020-04-07 17:08:06} {431870009055 ä¸°ç››å ‚Aåº§1æ¥¼101 æ•™å­¦ 211609 1 8008-60-4 åŒ–å­¦çº¯ 100ML 1000 2020-04-07 15:06:27}] [{6040500014526 ä¸°ç››å ‚Cåº§3æ¥¼301 æ•™å­¦ 211609 0 8008-60-4 åˆ†æçº¯ 100ML 100 2020-04-21 2020-04-22 14:49:17} {6040500014526 ä¸°ç››å ‚Cåº§3æ¥¼301 æ•™å­¦ 211609 0 8008-60-4 åˆ†æçº¯ 100ML 100 2020-04-21 2020-04-22 14:46:11} {6040500014526 ä¸°ç››å ‚Cåº§3æ¥¼301 æ•™å­¦ 211609 0 8008-60-4 åˆ†æçº¯ 100ML 100 2020-04-21 2020-04-22 14:41:31} {6040500014526 ä¸°ç››å ‚Cåº§3æ¥¼301 æ•™å­¦ 211609 0 8008-60-4 åˆ†æçº¯ 100ML 100 2020-04-21 2020-04-22 14:38:13} {6040500014526 ä¸°ç››å ‚Cåº§3æ¥¼301 æ•™å­¦ 211609 0 8008-60-4 åˆ†æçº¯ 100ML 100 2020-04-21 2020-04-22 14:37:04} {6040500014526 ä¸°ç››å ‚Cåº§3æ¥¼301 æ•™å­¦ 211609 0 8008-60-4 åˆ†æçº¯ 100ML 100 2020-04-21 2020-04-22 14:34:23} {6040500014526 ä¸°ç››å ‚Cåº§3æ¥¼301 æ•™å­¦ 211609 0 8008-60-4 åˆ†æçº¯ 100ML 100 2020-04-21 2020-04-22 14:31:20} {6040500014526 ä¸°ç››å ‚Cåº§3æ¥¼301 æ•™å­¦ 211609 0 8008-60-4 åˆ†æçº¯ 100ML 100 2020-04-21 2020-04-22 14:29:28} {6040500014526 ä¸°ç››å ‚Cåº§3æ¥¼301 æ•™å­¦ 211609 0 8008-60-4 åˆ†æçº¯ 100ML 100 2020-04-21 2020-04-22 14:25:51} {6040500014526 ä¸°ç››å ‚Cåº§3æ¥¼301 æ•™å­¦ 211609 0 8008-60-4 åˆ†æçº¯ 100ML 100 2020-04-21 2020-04-22 14:18:22} {6040500014526 ä¸°ç››å ‚Cåº§3æ¥¼301 æ•™å­¦ 211609 0 8008-60-4 åˆ†æçº¯ 100ML 100 2020-04-21 2020-04-22 14:12:40} {6040500014526 ä¸°ç››å ‚Cåº§3æ¥¼301 æ•™å­¦ 211609 0 8008-60-4 åˆ†æçº¯ 100ML 100 2020-04-21 2020-04-22 14:11:57} {6040500014526 ä¸°ç››å ‚Cåº§3æ¥¼301 æ•™å­¦ 211609 0 8008-60-4 åˆ†æçº¯ 100ML 100 2020-04-21 2020-04-22 14:08:57} {7593600012938 ä¸°ç››å ‚Aåº§1æ¥¼101 æ•™å­¦ 10086 0 8008-60-4 åŒ–å­¦çº¯ 100ML 90 2020-04-19 2020-04-19 13:58:56} {7351400010689 ä¸°ç››å ‚Aåº§1æ¥¼101 æ•™å­¦ 211609 0 7664-41-7 åŒ–å­¦çº¯ 100ML 808 2020-04-19 2020-04-19 13:18:34} {7196100011123 ä¸°ç››å ‚Aåº§1æ¥¼101 æ•™å­¦ 211609 0 8008-60-4 åŒ–å­¦çº¯ 100ML 299 2020-04-12 2020-04-12 14:12:41} {7554800014508 ä¸°ç››å ‚Aåº§1æ¥¼101 æ•™å­¦ 1008611 0 8008-60-4 åŒ–å­¦çº¯ 100ML 209 2020-04-08 2020-04-08 00:05:48} {6054500018582 ä¸°ç››å ‚Aåº§1æ¥¼101 æ•™å­¦ 211609 0 8008-60-4 åŒ–å­¦çº¯ 100ML 320 2020-04-07 2020-04-07 19:55:45} {6040500014525 ä¸°ç››å ‚Aåº§1æ¥¼101 æ•™å­¦ 211609 1 8008-60-4 åŒ–å­¦çº¯ 100ML 490 2020-04-07 2020-04-07 19:53:25}]
2020/04/22 14:49:18.543 [D] [server.go:2807]  |            ::1|[42m 200 [0m|    20.9418ms|   match|[44m GET     [0m /order   r:/order
2020/04/22 14:49:18.544 [I] [router.go:835]  reInput/token:  eyJhbGciOiJIUzI1NiIsInR5cCI6IkpXVCJ9.eyJleHAiOjE1ODc3Mjg5OTIsIm9wZW5pZCI6Im9QRktxNWU4MjMzZ1hqUmpkTDRPZFBDZlI5OXMifQ.56hSML25njbMJPuBgPZkqD7652oTeHjZ_sgVTbzqbIo
2020/04/22 14:49:18.545 [I] [router.go:835]  reInput/openid:  oPFKq5e8233gXjRjdL4OdPCfR99s
2020/04/22 14:49:18.545 [I] [reInput.go:35]  UpdateReInput:  update apply set reinput_id="7672700016003", reinput_count="80", reinput_time="2020-04-21" where order_id="6040500014526" and openid="oPFKq5e8233gXjRjdL4OdPCfR99s"
2020/04/22 14:49:18.549 [I] [router.go:835]  æ›´æ–°reInputæˆåŠŸ, id =  1
2020/04/22 14:49:18.549 [I] [router.go:835]  reInput/errCode&errMsg:  0 reInputè¯·æ±‚æˆåŠŸ
2020/04/22 14:49:18.550 [D] [server.go:2807]  |            ::1|[42m 200 [0m|      5.985ms|   match|[46m POST    [0m /reinput   r:/reinput
2020/04/22 14:49:18.552 [I] [router.go:835]  sendUserInfo/token:  eyJhbGciOiJIUzI1NiIsInR5cCI6IkpXVCJ9.eyJleHAiOjE1ODc3Mjg5OTIsIm9wZW5pZCI6Im9QRktxNWU4MjMzZ1hqUmpkTDRPZFBDZlI5OXMifQ.56hSML25njbMJPuBgPZkqD7652oTeHjZ_sgVTbzqbIo
2020/04/22 14:49:18.553 [I] [router.go:835]  sendUserInfo/openid:  oPFKq5e8233gXjRjdL4OdPCfR99s
2020/04/22 14:49:18.554 [I] [sendUserInfo.go:36]  UpdateUser2:  update users set user_name="Y_momo",identity="å­¦ç”Ÿ",user_id="16327114",email="yanglt7@163.com" where openid="oPFKq5e8233gXjRjdL4OdPCfR99s"
2020/04/22 14:49:18.555 [I] [router.go:835]  æ›´æ–°user_name, identity, user_id, emailæˆåŠŸ, id =  0
2020/04/22 14:49:18.555 [I] [router.go:835]  sendUserInfo:  {Y_momo å­¦ç”Ÿ 16327114 yanglt7@163.com oPFKq5e8233gXjRjdL4OdPCfR99s}
2020/04/22 14:49:18.556 [D] [server.go:2807]  |            ::1|[42m 200 [0m|     4.9871ms|   match|[46m POST    [0m /senduserinfo   r:/senduserinfo
2020/04/22 14:49:18.557 [I] [router.go:833]  storage/token:  eyJhbGciOiJIUzI1NiIsInR5cCI6IkpXVCJ9.eyJleHAiOjE1ODc3Mjg5OTIsIm9wZW5pZCI6Im9QRktxNWU4MjMzZ1hqUmpkTDRPZFBDZlI5OXMifQ.56hSML25njbMJPuBgPZkqD7652oTeHjZ_sgVTbzqbIo
2020/04/22 14:49:18.558 [I] [router.go:833]  storage/openid:  oPFKq5e8233gXjRjdL4OdPCfR99s
2020/04/22 14:49:18.558 [I] [router.go:833]  storage:  {oPFKq5e8233gXjRjdL4OdPCfR99s 8008-60-4 åŒ–å­¦çº¯ 100ML}
2020/04/22 14:49:18.559 [I] [storage.go:43]  StorageQueryInput:  select sum(input_count),check_id,addr from input where cas="8008-60-4" and purity="åŒ–å­¦çº¯" and specs="100ML" group by check_id
2020/04/22 14:49:18.560 [I] [router.go:833]  storagequeryinput:  [{5000 10086 ä¸°ç››å ‚Aåº§1æ¥¼101 0 0} {2000 1008611 ä¸°ç››å ‚Aåº§1æ¥¼101 0 0} {1000 211609 ä¸°ç››å ‚Aåº§1æ¥¼101 0 0} {3000 661810 ä¸°ç››å ‚Aåº§1æ¥¼101 0 0}]
2020/04/22 14:49:18.561 [I] [storage.go:46]  StorageQueryApply:  select sum(apply_count),sum(reinput_count),check_id from apply where cas="8008-60-4" and purity="åŒ–å­¦çº¯" and specs="100ML" group by check_id
2020/04/22 14:49:18.562 [I] [router.go:833]  queryapply:  [{10086 90 222} {1008611 209 33} {211609 1109 34}]
2020/04/22 14:49:18.563 [I] [router.go:833]  storage/errCode&errMsg:  0 storageè¯·æ±‚æˆåŠŸ [{5000 10086 ä¸°ç››å ‚Aåº§1æ¥¼101 90 222} {2000 1008611 ä¸°ç››å ‚Aåº§1æ¥¼101 209 33} {1000 211609 ä¸°ç››å ‚Aåº§1æ¥¼101 1109 34} {3000 661810 ä¸°ç››å ‚Aåº§1æ¥¼101 0 0}]
2020/04/22 14:49:18.563 [D] [server.go:2807]  |            ::1|[42m 200 [0m|      5.984ms|   match|[44m GET     [0m /storage   r:/storage
2020/04/22 14:50:01.275 [I] [asm_amd64.s:1373]  http server Running on http://:8080
2020/04/22 14:50:14.835 [I] [router.go:835]  apply/token:  eyJhbGciOiJIUzI1NiIsInR5cCI6IkpXVCJ9.eyJleHAiOjE1ODc3Mjg5OTIsIm9wZW5pZCI6Im9QRktxNWU4MjMzZ1hqUmpkTDRPZFBDZlI5OXMifQ.56hSML25njbMJPuBgPZkqD7652oTeHjZ_sgVTbzqbIo
2020/04/22 14:50:14.837 [I] [router.go:835]  apply/openid:  oPFKq5e8233gXjRjdL4OdPCfR99s
2020/04/22 14:50:14.838 [I] [router.go:835]  apply:  {oPFKq5e8233gXjRjdL4OdPCfR99s 6040500014526 yanglt 16327114 ä¸°ç››å ‚Cåº§3æ¥¼301 2020-04-21 æ•™å­¦ 211609 8008-60-4 åˆ†æçº¯ 100ML 100}
2020/04/22 14:50:14.850 [I] [router.go:835]  å°†applyå­˜å…¥æ•°æ®åº“ä¸­æˆåŠŸ, id =  1
2020/04/22 14:50:14.850 [I] [router.go:835]  apply/errCode&errMsg:  0 applyè¯·æ±‚æˆåŠŸ
2020/04/22 14:50:14.851 [D] [server.go:2807]  |            ::1|[42m 200 [0m|    16.2027ms|   match|[46m POST    [0m /apply   r:/apply
2020/04/22 14:50:14.852 [I] [router.go:835]  auth/token:  eyJhbGciOiJIUzI1NiIsInR5cCI6IkpXVCJ9.eyJleHAiOjE1ODc3Mjg5OTIsIm9wZW5pZCI6Im9QRktxNWU4MjMzZ1hqUmpkTDRPZFBDZlI5OXMifQ.56hSML25njbMJPuBgPZkqD7652oTeHjZ_sgVTbzqbIo
2020/04/22 14:50:14.853 [I] [router.go:835]  auth/openid:  oPFKq5e8233gXjRjdL4OdPCfR99s
2020/04/22 14:50:14.853 [I] [auth.go:28]  QueryUserId:  select id from users where openid="oPFKq5e8233gXjRjdL4OdPCfR99s"
2020/04/22 14:50:14.854 [I] [router.go:835]  auth/errCode&errMsg:  0 authè¯·æ±‚æˆåŠŸ
2020/04/22 14:50:14.854 [D] [server.go:2807]  |            ::1|[42m 200 [0m|     1.9935ms|   match|[46m POST    [0m /auth   r:/auth
2020/04/22 14:50:14.855 [I] [router.go:835]  input/token:  eyJhbGciOiJIUzI1NiIsInR5cCI6IkpXVCJ9.eyJleHAiOjE1ODc3Mjg5OTIsIm9wZW5pZCI6Im9QRktxNWU4MjMzZ1hqUmpkTDRPZFBDZlI5OXMifQ.56hSML25njbMJPuBgPZkqD7652oTeHjZ_sgVTbzqbIo
2020/04/22 14:50:14.856 [I] [router.go:835]  input/openid:  oPFKq5e8233gXjRjdL4OdPCfR99s
2020/04/22 14:50:14.856 [I] [router.go:835]  input:  {oPFKq5e8233gXjRjdL4OdPCfR99s 431870009056 yanglt 16327114 ä¸°ç››å ‚Cåº§3æ¥¼301 æ•™å­¦ 211609 8008-60-4 åˆ†æçº¯ 100ML 100 hope hope 84115662}
2020/04/22 14:50:14.859 [I] [router.go:835]  å°†inputå­˜å…¥æ•°æ®åº“ä¸­æˆåŠŸ, id =  1
2020/04/22 14:50:14.859 [I] [router.go:835]  input/errCode&errMsg:  0 inputè¯·æ±‚æˆåŠŸ
2020/04/22 14:50:14.859 [D] [server.go:2807]  |            ::1|[42m 200 [0m|     4.0116ms|   match|[46m POST    [0m /input   r:/input
2020/04/22 14:50:14.861 [I] [router.go:835]  code:  0236CMfa2HDk8K02fBfa23d3ga26CMfr
2020/04/22 14:50:15.214 [E] [router.go:835]  invalid code, hints: [ req_id: YGKBI6yFe-97yTVa ]
2020/04/22 14:50:15.215 [E] [router.go:835]  40029
2020/04/22 14:50:15.217 [D] [server.go:2807]  |            ::1|[42m 200 [0m|   355.6584ms|   match|[46m POST    [0m /login   r:/login
2020/04/22 14:50:15.450 [I] [msds.go:25]  msds/id: kot0me
2020/04/22 14:50:15.451 [I] [msds.go:25]  msds/name: é˜¿ç‰‡
2020/04/22 14:50:15.452 [I] [router.go:833]  apply/errCode&errMsg:  0 msdsè¯·æ±‚æˆåŠŸ kot0me é˜¿ç‰‡
2020/04/22 14:50:15.452 [D] [server.go:2807]  |            ::1|[42m 200 [0m|   233.1504ms|   match|[44m GET     [0m /msds   r:/msds
2020/04/22 14:50:15.453 [I] [router.go:835]  note/token:  eyJhbGciOiJIUzI1NiIsInR5cCI6IkpXVCJ9.eyJleHAiOjE1ODc3Mjg5OTIsIm9wZW5pZCI6Im9QRktxNWU4MjMzZ1hqUmpkTDRPZFBDZlI5OXMifQ.56hSML25njbMJPuBgPZkqD7652oTeHjZ_sgVTbzqbIo
2020/04/22 14:50:15.455 [I] [router.go:835]  note/openid:  oPFKq5e8233gXjRjdL4OdPCfR99s
2020/04/22 14:50:15.455 [I] [router.go:835]  note:  {oPFKq5e8233gXjRjdL4OdPCfR99s 6040500014526 8008-60-4 note}
2020/04/22 14:50:15.455 [I] [note.go:37]  UpdateNote:  update apply set note="note" where order_id="6040500014526" and openid="oPFKq5e8233gXjRjdL4OdPCfR99s"
2020/04/22 14:50:15.458 [I] [router.go:835]  æ›´æ–°noteæˆåŠŸ, id =  1
2020/04/22 14:50:15.458 [I] [router.go:835]  note/errCode&errMsg:  0 noteè¯·æ±‚æˆåŠŸ
2020/04/22 14:50:15.458 [D] [server.go:2807]  |            ::1|[42m 200 [0m|     4.9875ms|   match|[46m POST    [0m /note   r:/note
2020/04/22 14:50:15.459 [I] [router.go:833]  order/token:  eyJhbGciOiJIUzI1NiIsInR5cCI6IkpXVCJ9.eyJleHAiOjE1ODc3Mjg5OTIsIm9wZW5pZCI6Im9QRktxNWU4MjMzZ1hqUmpkTDRPZFBDZlI5OXMifQ.56hSML25njbMJPuBgPZkqD7652oTeHjZ_sgVTbzqbIo
2020/04/22 14:50:15.460 [I] [router.go:833]  order/openid:  oPFKq5e8233gXjRjdL4OdPCfR99s
2020/04/22 14:50:15.460 [I] [order.go:37]  OrderQueryInput:  select order_id, addr, input_use, check_id, check_flag, cas, purity, specs, input_count,create_time from input where openid="oPFKq5e8233gXjRjdL4OdPCfR99s" order by create_time DESC
2020/04/22 14:50:15.461 [I] [router.go:833]  orderqueryinput:  [{431870009056 ä¸°ç››å ‚Cåº§3æ¥¼301 æ•™å­¦ 211609 0 8008-60-4 åˆ†æçº¯ 100ML 100 2020-04-22 14:50:14} {431870009056 ä¸°ç››å ‚Cåº§3æ¥¼301 æ•™å­¦ 211609 0 8008-60-4 åˆ†æçº¯ 100ML 100 2020-04-22 14:49:17} {431870009056 ä¸°ç››å ‚Cåº§3æ¥¼301 æ•™å­¦ 211609 0 8008-60-4 åˆ†æçº¯ 100ML 100 2020-04-22 14:46:11} {431870009056 ä¸°ç››å ‚Cåº§3æ¥¼301 æ•™å­¦ 211609 0 8008-60-4 åˆ†æçº¯ 100ML 100 2020-04-22 14:41:31} {431870009056 ä¸°ç››å ‚Cåº§3æ¥¼301 æ•™å­¦ 211609 0 8008-60-4 åˆ†æçº¯ 100ML 100 2020-04-22 14:38:13} {431870009056 ä¸°ç››å ‚Cåº§3æ¥¼301 æ•™å­¦ 211609 0 8008-60-4 åˆ†æçº¯ 100ML 100 2020-04-22 14:37:04} {431870009056 ä¸°ç››å ‚Cåº§3æ¥¼301 æ•™å­¦ 211609 0 8008-60-4 åˆ†æçº¯ 100ML 100 2020-04-22 14:34:23} {431870009056 ä¸°ç››å ‚Cåº§3æ¥¼301 æ•™å­¦ 211609 0 8008-60-4 åˆ†æçº¯ 100ML 100 2020-04-22 14:31:20} {431870009056 ä¸°ç››å ‚Cåº§3æ¥¼301 æ•™å­¦ 211609 0 8008-60-4 åˆ†æçº¯ 100ML 100 2020-04-22 14:29:28} {431870009056 ä¸°ç››å ‚Cåº§3æ¥¼301 æ•™å­¦ 211609 0 8008-60-4 åˆ†æçº¯ 100ML 100 2020-04-22 14:25:51} {431870009056 ä¸°ç››å ‚Cåº§3æ¥¼301 æ•™å­¦ 211609 0 8008-60-4 åˆ†æçº¯ 100ML 100 2020-04-22 14:18:22} {431870009056 ä¸°ç››å ‚Cåº§3æ¥¼301 æ•™å­¦ 211609 0 8008-60-4 åˆ†æçº¯ 100ML 100 2020-04-22 14:12:41} {431870009056 ä¸°ç››å ‚Cåº§3æ¥¼301 æ•™å­¦ 211609 0 8008-60-4 åˆ†æçº¯ 100ML 100 2020-04-22 14:11:57} {431870009056 ä¸°ç››å ‚Cåº§3æ¥¼301 æ•™å­¦ 211609 0 8008-60-4 åˆ†æçº¯ 100ML 100 2020-04-22 14:08:57} {5938300018034 ä¸°ç››å ‚Aåº§1æ¥¼101 æ•™å­¦ 10086 0 8008-60-4 åŒ–å­¦çº¯ 100ML 1000 2020-04-07 19:36:24} {5172400010581 ä¸°ç››å ‚Aåº§1æ¥¼101 æ•™å­¦ 10086 0 8008-60-4 åŒ–å­¦çº¯ 100ML 4000 2020-04-07 17:28:44} {5125200011404 ä¸°ç››å ‚Aåº§1æ¥¼101 æ•™å­¦ 661810 0 8008-60-4 åŒ–å­¦çº¯ 100ML 3000 2020-04-07 17:20:52} {5048500015536 ä¸°ç››å ‚Aåº§1æ¥¼101 æ•™å­¦ 1008611 0 8008-60-4 åŒ–å­¦çº¯ 100ML 2000 2020-04-07 17:08:06} {431870009055 ä¸°ç››å ‚Aåº§1æ¥¼101 æ•™å­¦ 211609 1 8008-60-4 åŒ–å­¦çº¯ 100ML 1000 2020-04-07 15:06:27}]
2020/04/22 14:50:15.462 [I] [order.go:40]  OrderQueryApply:  select order_id, addr, apply_use, check_id, check_flag, cas, purity, specs, apply_count, apply_time, create_time from apply where openid="oPFKq5e8233gXjRjdL4OdPCfR99s" order by create_time DESC
2020/04/22 14:50:15.464 [I] [router.go:833]  orderqueryapply:  [{6040500014526 ä¸°ç››å ‚Cåº§3æ¥¼301 æ•™å­¦ 211609 0 8008-60-4 åˆ†æçº¯ 100ML 100 2020-04-21 2020-04-22 14:50:14} {6040500014526 ä¸°ç››å ‚Cåº§3æ¥¼301 æ•™å­¦ 211609 0 8008-60-4 åˆ†æçº¯ 100ML 100 2020-04-21 2020-04-22 14:49:17} {6040500014526 ä¸°ç››å ‚Cåº§3æ¥¼301 æ•™å­¦ 211609 0 8008-60-4 åˆ†æçº¯ 100ML 100 2020-04-21 2020-04-22 14:46:11} {6040500014526 ä¸°ç››å ‚Cåº§3æ¥¼301 æ•™å­¦ 211609 0 8008-60-4 åˆ†æçº¯ 100ML 100 2020-04-21 2020-04-22 14:41:31} {6040500014526 ä¸°ç››å ‚Cåº§3æ¥¼301 æ•™å­¦ 211609 0 8008-60-4 åˆ†æçº¯ 100ML 100 2020-04-21 2020-04-22 14:38:13} {6040500014526 ä¸°ç››å ‚Cåº§3æ¥¼301 æ•™å­¦ 211609 0 8008-60-4 åˆ†æçº¯ 100ML 100 2020-04-21 2020-04-22 14:37:04} {6040500014526 ä¸°ç››å ‚Cåº§3æ¥¼301 æ•™å­¦ 211609 0 8008-60-4 åˆ†æçº¯ 100ML 100 2020-04-21 2020-04-22 14:34:23} {6040500014526 ä¸°ç››å ‚Cåº§3æ¥¼301 æ•™å­¦ 211609 0 8008-60-4 åˆ†æçº¯ 100ML 100 2020-04-21 2020-04-22 14:31:20} {6040500014526 ä¸°ç››å ‚Cåº§3æ¥¼301 æ•™å­¦ 211609 0 8008-60-4 åˆ†æçº¯ 100ML 100 2020-04-21 2020-04-22 14:29:28} {6040500014526 ä¸°ç››å ‚Cåº§3æ¥¼301 æ•™å­¦ 211609 0 8008-60-4 åˆ†æçº¯ 100ML 100 2020-04-21 2020-04-22 14:25:51} {6040500014526 ä¸°ç››å ‚Cåº§3æ¥¼301 æ•™å­¦ 211609 0 8008-60-4 åˆ†æçº¯ 100ML 100 2020-04-21 2020-04-22 14:18:22} {6040500014526 ä¸°ç››å ‚Cåº§3æ¥¼301 æ•™å­¦ 211609 0 8008-60-4 åˆ†æçº¯ 100ML 100 2020-04-21 2020-04-22 14:12:40} {6040500014526 ä¸°ç››å ‚Cåº§3æ¥¼301 æ•™å­¦ 211609 0 8008-60-4 åˆ†æçº¯ 100ML 100 2020-04-21 2020-04-22 14:11:57} {6040500014526 ä¸°ç››å ‚Cåº§3æ¥¼301 æ•™å­¦ 211609 0 8008-60-4 åˆ†æçº¯ 100ML 100 2020-04-21 2020-04-22 14:08:57} {7593600012938 ä¸°ç››å ‚Aåº§1æ¥¼101 æ•™å­¦ 10086 0 8008-60-4 åŒ–å­¦çº¯ 100ML 90 2020-04-19 2020-04-19 13:58:56} {7351400010689 ä¸°ç››å ‚Aåº§1æ¥¼101 æ•™å­¦ 211609 0 7664-41-7 åŒ–å­¦çº¯ 100ML 808 2020-04-19 2020-04-19 13:18:34} {7196100011123 ä¸°ç››å ‚Aåº§1æ¥¼101 æ•™å­¦ 211609 0 8008-60-4 åŒ–å­¦çº¯ 100ML 299 2020-04-12 2020-04-12 14:12:41} {7554800014508 ä¸°ç››å ‚Aåº§1æ¥¼101 æ•™å­¦ 1008611 0 8008-60-4 åŒ–å­¦çº¯ 100ML 209 2020-04-08 2020-04-08 00:05:48} {6054500018582 ä¸°ç››å ‚Aåº§1æ¥¼101 æ•™å­¦ 211609 0 8008-60-4 åŒ–å­¦çº¯ 100ML 320 2020-04-07 2020-04-07 19:55:45} {6040500014525 ä¸°ç››å ‚Aåº§1æ¥¼101 æ•™å­¦ 211609 1 8008-60-4 åŒ–å­¦çº¯ 100ML 490 2020-04-07 2020-04-07 19:53:25}]
2020/04/22 14:50:15.468 [I] [router.go:833]  order/errCode&errMsg:  0 orderè¯·æ±‚æˆåŠŸ [{431870009056 ä¸°ç››å ‚Cåº§3æ¥¼301 æ•™å­¦ 211609 0 8008-60-4 åˆ†æçº¯ 100ML 100 2020-04-22 14:50:14} {431870009056 ä¸°ç››å ‚Cåº§3æ¥¼301 æ•™å­¦ 211609 0 8008-60-4 åˆ†æçº¯ 100ML 100 2020-04-22 14:49:17} {431870009056 ä¸°ç››å ‚Cåº§3æ¥¼301 æ•™å­¦ 211609 0 8008-60-4 åˆ†æçº¯ 100ML 100 2020-04-22 14:46:11} {431870009056 ä¸°ç››å ‚Cåº§3æ¥¼301 æ•™å­¦ 211609 0 8008-60-4 åˆ†æçº¯ 100ML 100 2020-04-22 14:41:31} {431870009056 ä¸°ç››å ‚Cåº§3æ¥¼301 æ•™å­¦ 211609 0 8008-60-4 åˆ†æçº¯ 100ML 100 2020-04-22 14:38:13} {431870009056 ä¸°ç››å ‚Cåº§3æ¥¼301 æ•™å­¦ 211609 0 8008-60-4 åˆ†æçº¯ 100ML 100 2020-04-22 14:37:04} {431870009056 ä¸°ç››å ‚Cåº§3æ¥¼301 æ•™å­¦ 211609 0 8008-60-4 åˆ†æçº¯ 100ML 100 2020-04-22 14:34:23} {431870009056 ä¸°ç››å ‚Cåº§3æ¥¼301 æ•™å­¦ 211609 0 8008-60-4 åˆ†æçº¯ 100ML 100 2020-04-22 14:31:20} {431870009056 ä¸°ç››å ‚Cåº§3æ¥¼301 æ•™å­¦ 211609 0 8008-60-4 åˆ†æçº¯ 100ML 100 2020-04-22 14:29:28} {431870009056 ä¸°ç››å ‚Cåº§3æ¥¼301 æ•™å­¦ 211609 0 8008-60-4 åˆ†æçº¯ 100ML 100 2020-04-22 14:25:51} {431870009056 ä¸°ç››å ‚Cåº§3æ¥¼301 æ•™å­¦ 211609 0 8008-60-4 åˆ†æçº¯ 100ML 100 2020-04-22 14:18:22} {431870009056 ä¸°ç››å ‚Cåº§3æ¥¼301 æ•™å­¦ 211609 0 8008-60-4 åˆ†æçº¯ 100ML 100 2020-04-22 14:12:41} {431870009056 ä¸°ç››å ‚Cåº§3æ¥¼301 æ•™å­¦ 211609 0 8008-60-4 åˆ†æçº¯ 100ML 100 2020-04-22 14:11:57} {431870009056 ä¸°ç››å ‚Cåº§3æ¥¼301 æ•™å­¦ 211609 0 8008-60-4 åˆ†æçº¯ 100ML 100 2020-04-22 14:08:57} {5938300018034 ä¸°ç››å ‚Aåº§1æ¥¼101 æ•™å­¦ 10086 0 8008-60-4 åŒ–å­¦çº¯ 100ML 1000 2020-04-07 19:36:24} {5172400010581 ä¸°ç››å ‚Aåº§1æ¥¼101 æ•™å­¦ 10086 0 8008-60-4 åŒ–å­¦çº¯ 100ML 4000 2020-04-07 17:28:44} {5125200011404 ä¸°ç››å ‚Aåº§1æ¥¼101 æ•™å­¦ 661810 0 8008-60-4 åŒ–å­¦çº¯ 100ML 3000 2020-04-07 17:20:52} {5048500015536 ä¸°ç››å ‚Aåº§1æ¥¼101 æ•™å­¦ 1008611 0 8008-60-4 åŒ–å­¦çº¯ 100ML 2000 2020-04-07 17:08:06} {431870009055 ä¸°ç››å ‚Aåº§1æ¥¼101 æ•™å­¦ 211609 1 8008-60-4 åŒ–å­¦çº¯ 100ML 1000 2020-04-07 15:06:27}] [{6040500014526 ä¸°ç››å ‚Cåº§3æ¥¼301 æ•™å­¦ 211609 0 8008-60-4 åˆ†æçº¯ 100ML 100 2020-04-21 2020-04-22 14:50:14} {6040500014526 ä¸°ç››å ‚Cåº§3æ¥¼301 æ•™å­¦ 211609 0 8008-60-4 åˆ†æçº¯ 100ML 100 2020-04-21 2020-04-22 14:49:17} {6040500014526 ä¸°ç››å ‚Cåº§3æ¥¼301 æ•™å­¦ 211609 0 8008-60-4 åˆ†æçº¯ 100ML 100 2020-04-21 2020-04-22 14:46:11} {6040500014526 ä¸°ç››å ‚Cåº§3æ¥¼301 æ•™å­¦ 211609 0 8008-60-4 åˆ†æçº¯ 100ML 100 2020-04-21 2020-04-22 14:41:31} {6040500014526 ä¸°ç››å ‚Cåº§3æ¥¼301 æ•™å­¦ 211609 0 8008-60-4 åˆ†æçº¯ 100ML 100 2020-04-21 2020-04-22 14:38:13} {6040500014526 ä¸°ç››å ‚Cåº§3æ¥¼301 æ•™å­¦ 211609 0 8008-60-4 åˆ†æçº¯ 100ML 100 2020-04-21 2020-04-22 14:37:04} {6040500014526 ä¸°ç››å ‚Cåº§3æ¥¼301 æ•™å­¦ 211609 0 8008-60-4 åˆ†æçº¯ 100ML 100 2020-04-21 2020-04-22 14:34:23} {6040500014526 ä¸°ç››å ‚Cåº§3æ¥¼301 æ•™å­¦ 211609 0 8008-60-4 åˆ†æçº¯ 100ML 100 2020-04-21 2020-04-22 14:31:20} {6040500014526 ä¸°ç››å ‚Cåº§3æ¥¼301 æ•™å­¦ 211609 0 8008-60-4 åˆ†æçº¯ 100ML 100 2020-04-21 2020-04-22 14:29:28} {6040500014526 ä¸°ç››å ‚Cåº§3æ¥¼301 æ•™å­¦ 211609 0 8008-60-4 åˆ†æçº¯ 100ML 100 2020-04-21 2020-04-22 14:25:51} {6040500014526 ä¸°ç››å ‚Cåº§3æ¥¼301 æ•™å­¦ 211609 0 8008-60-4 åˆ†æçº¯ 100ML 100 2020-04-21 2020-04-22 14:18:22} {6040500014526 ä¸°ç››å ‚Cåº§3æ¥¼301 æ•™å­¦ 211609 0 8008-60-4 åˆ†æçº¯ 100ML 100 2020-04-21 2020-04-22 14:12:40} {6040500014526 ä¸°ç››å ‚Cåº§3æ¥¼301 æ•™å­¦ 211609 0 8008-60-4 åˆ†æçº¯ 100ML 100 2020-04-21 2020-04-22 14:11:57} {6040500014526 ä¸°ç››å ‚Cåº§3æ¥¼301 æ•™å­¦ 211609 0 8008-60-4 åˆ†æçº¯ 100ML 100 2020-04-21 2020-04-22 14:08:57} {7593600012938 ä¸°ç››å ‚Aåº§1æ¥¼101 æ•™å­¦ 10086 0 8008-60-4 åŒ–å­¦çº¯ 100ML 90 2020-04-19 2020-04-19 13:58:56} {7351400010689 ä¸°ç››å ‚Aåº§1æ¥¼101 æ•™å­¦ 211609 0 7664-41-7 åŒ–å­¦çº¯ 100ML 808 2020-04-19 2020-04-19 13:18:34} {7196100011123 ä¸°ç››å ‚Aåº§1æ¥¼101 æ•™å­¦ 211609 0 8008-60-4 åŒ–å­¦çº¯ 100ML 299 2020-04-12 2020-04-12 14:12:41} {7554800014508 ä¸°ç››å ‚Aåº§1æ¥¼101 æ•™å­¦ 1008611 0 8008-60-4 åŒ–å­¦çº¯ 100ML 209 2020-04-08 2020-04-08 00:05:48} {6054500018582 ä¸°ç››å ‚Aåº§1æ¥¼101 æ•™å­¦ 211609 0 8008-60-4 åŒ–å­¦çº¯ 100ML 320 2020-04-07 2020-04-07 19:55:45} {6040500014525 ä¸°ç››å ‚Aåº§1æ¥¼101 æ•™å­¦ 211609 1 8008-60-4 åŒ–å­¦çº¯ 100ML 490 2020-04-07 2020-04-07 19:53:25}]
2020/04/22 14:50:15.473 [D] [server.go:2807]  |            ::1|[42m 200 [0m|     13.962ms|   match|[44m GET     [0m /order   r:/order
2020/04/22 14:50:15.474 [I] [router.go:835]  reInput/token:  eyJhbGciOiJIUzI1NiIsInR5cCI6IkpXVCJ9.eyJleHAiOjE1ODc3Mjg5OTIsIm9wZW5pZCI6Im9QRktxNWU4MjMzZ1hqUmpkTDRPZFBDZlI5OXMifQ.56hSML25njbMJPuBgPZkqD7652oTeHjZ_sgVTbzqbIo
2020/04/22 14:50:15.475 [I] [router.go:835]  reInput/openid:  oPFKq5e8233gXjRjdL4OdPCfR99s
2020/04/22 14:50:15.475 [I] [reInput.go:35]  UpdateReInput:  update apply set reinput_id="7672700016003", reinput_count="80", reinput_time="2020-04-21" where order_id="6040500014526" and openid="oPFKq5e8233gXjRjdL4OdPCfR99s"
2020/04/22 14:50:15.478 [I] [router.go:835]  æ›´æ–°reInputæˆåŠŸ, id =  1
2020/04/22 14:50:15.478 [I] [router.go:835]  reInput/errCode&errMsg:  0 reInputè¯·æ±‚æˆåŠŸ
2020/04/22 14:50:15.478 [D] [server.go:2807]  |            ::1|[42m 200 [0m|      3.989ms|   match|[46m POST    [0m /reinput   r:/reinput
2020/04/22 14:50:15.479 [I] [router.go:835]  sendUserInfo/token:  eyJhbGciOiJIUzI1NiIsInR5cCI6IkpXVCJ9.eyJleHAiOjE1ODc3Mjg5OTIsIm9wZW5pZCI6Im9QRktxNWU4MjMzZ1hqUmpkTDRPZFBDZlI5OXMifQ.56hSML25njbMJPuBgPZkqD7652oTeHjZ_sgVTbzqbIo
2020/04/22 14:50:15.480 [I] [router.go:835]  sendUserInfo/openid:  oPFKq5e8233gXjRjdL4OdPCfR99s
2020/04/22 14:50:15.480 [I] [sendUserInfo.go:36]  UpdateUser2:  update users set user_name="Y_momo",identity="å­¦ç”Ÿ",user_id="16327114",email="yanglt7@163.com" where openid="oPFKq5e8233gXjRjdL4OdPCfR99s"
2020/04/22 14:50:15.481 [I] [router.go:835]  æ›´æ–°user_name, identity, user_id, emailæˆåŠŸ, id =  0
2020/04/22 14:50:15.482 [I] [router.go:835]  sendUserInfo:  {Y_momo å­¦ç”Ÿ 16327114 yanglt7@163.com oPFKq5e8233gXjRjdL4OdPCfR99s}
2020/04/22 14:50:15.482 [D] [server.go:2807]  |            ::1|[42m 200 [0m|     2.9918ms|   match|[46m POST    [0m /senduserinfo   r:/senduserinfo
2020/04/22 14:50:15.483 [I] [router.go:833]  storage/token:  eyJhbGciOiJIUzI1NiIsInR5cCI6IkpXVCJ9.eyJleHAiOjE1ODc3Mjg5OTIsIm9wZW5pZCI6Im9QRktxNWU4MjMzZ1hqUmpkTDRPZFBDZlI5OXMifQ.56hSML25njbMJPuBgPZkqD7652oTeHjZ_sgVTbzqbIo
2020/04/22 14:50:15.483 [I] [router.go:833]  storage/openid:  oPFKq5e8233gXjRjdL4OdPCfR99s
2020/04/22 14:50:15.484 [I] [router.go:833]  storage:  {oPFKq5e8233gXjRjdL4OdPCfR99s 8008-60-4 åŒ–å­¦çº¯ 100ML}
2020/04/22 14:50:15.484 [I] [storage.go:43]  StorageQueryInput:  select sum(input_count),check_id,addr from input where cas="8008-60-4" and purity="åŒ–å­¦çº¯" and specs="100ML" group by check_id
2020/04/22 14:50:15.485 [I] [router.go:833]  storagequeryinput:  [{5000 10086 ä¸°ç››å ‚Aåº§1æ¥¼101 0 0} {2000 1008611 ä¸°ç››å ‚Aåº§1æ¥¼101 0 0} {1000 211609 ä¸°ç››å ‚Aåº§1æ¥¼101 0 0} {3000 661810 ä¸°ç››å ‚Aåº§1æ¥¼101 0 0}]
2020/04/22 14:50:15.486 [I] [storage.go:46]  StorageQueryApply:  select sum(apply_count),sum(reinput_count),check_id from apply where cas="8008-60-4" and purity="åŒ–å­¦çº¯" and specs="100ML" group by check_id
2020/04/22 14:50:15.486 [I] [router.go:833]  queryapply:  [{10086 90 222} {1008611 209 33} {211609 1109 34}]
2020/04/22 14:50:15.487 [I] [router.go:833]  storage/errCode&errMsg:  0 storageè¯·æ±‚æˆåŠŸ [{5000 10086 ä¸°ç››å ‚Aåº§1æ¥¼101 90 222} {2000 1008611 ä¸°ç››å ‚Aåº§1æ¥¼101 209 33} {1000 211609 ä¸°ç››å ‚Aåº§1æ¥¼101 1109 34} {3000 661810 ä¸°ç››å ‚Aåº§1æ¥¼101 0 0}]
2020/04/22 14:50:15.488 [D] [server.go:2807]  |            ::1|[42m 200 [0m|     4.9862ms|   match|[44m GET     [0m /storage   r:/storage
2020/04/22 15:09:56.276 [I] [asm_amd64.s:1373]  http server Running on http://:8080
2020/04/22 15:11:09.216 [I] [asm_amd64.s:1373]  http server Running on http://:8080
