2020/04/21 15:53:27.809 [I] [asm_amd64.s:1373]  http server Running on http://:8081
2020/04/21 15:56:00.455 [I] [asm_amd64.s:1373]  http server Running on http://:8081
2020/04/21 15:56:47.134 [I] [asm_amd64.s:1373]  http server Running on http://:8081
2020/04/21 15:56:50.525 [I] [asm_amd64.s:1373]  http server Running on http://:8081
2020/04/21 15:56:59.583 [I] [asm_amd64.s:1373]  http server Running on http://:8081
2020/04/21 15:57:10.547 [I] [asm_amd64.s:1373]  http server Running on http://:8081
2020/04/21 16:01:02.464 [I] [asm_amd64.s:1373]  http server Running on http://:8081
2020/04/21 16:01:54.117 [I] [asm_amd64.s:1373]  http server Running on http://:8081
2020/04/21 16:02:24.071 [I] [asm_amd64.s:1373]  http server Running on http://:8080
2020/04/21 16:11:26.620 [I] [asm_amd64.s:1373]  http server Running on http://:8080
2020/04/21 16:14:14.895 [I] [asm_amd64.s:1373]  http server Running on http://:8080
2020/04/21 16:15:42.711 [I] [asm_amd64.s:1373]  http server Running on http://:8080
2020/04/21 16:16:03.097 [I] [asm_amd64.s:1373]  http server Running on http://:8080
2020/04/21 16:16:04.767 [I] [asm_amd64.s:1373]  http server Running on http://:8080
2020/04/21 16:16:27.618 [I] [asm_amd64.s:1373]  http server Running on http://:8080
2020/04/21 16:17:16.951 [I] [asm_amd64.s:1373]  http server Running on http://:8080
2020/04/21 16:30:25.686 [I] [asm_amd64.s:1373]  http server Running on http://:8080
2020/04/21 16:31:17.249 [I] [asm_amd64.s:1373]  http server Running on http://:8080
2020/04/21 16:32:03.865 [I] [asm_amd64.s:1373]  http server Running on http://:8080
2020/04/21 16:32:07.078 [I] [asm_amd64.s:1373]  http server Running on http://:8080
2020/04/21 16:32:20.570 [I] [asm_amd64.s:1373]  http server Running on http://:8080
2020/04/21 16:32:22.741 [I] [asm_amd64.s:1373]  http server Running on http://:8080
2020/04/21 16:32:24.488 [I] [asm_amd64.s:1373]  http server Running on http://:8080
2020/04/21 18:56:03.748 [I] [asm_amd64.s:1373]  http server Running on http://:8080
2020/04/21 19:43:35.218 [I] [asm_amd64.s:1373]  http server Running on http://:8080
2020/04/21 19:43:39.966 [I] [router.go:835]  code:  
2020/04/21 19:43:39.980 [I] [router.go:835]  openid:  
2020/04/21 19:43:39.980 [I] [router.go:835]  session_key:  
2020/04/21 19:43:39.981 [I] [router.go:835]  token:  eyJhbGciOiJIUzI1NiIsInR5cCI6IkpXVCJ9.eyJleHAiOjE1ODc3Mjg2MTksIm9wZW5pZCI6IiJ9.rGuyPBgmXRdRnzdjjCWwLi1zifRtR1THBgnmmFkWAqk
2020/04/21 19:43:39.982 [I] [login.go:50]  QueryUserId:  select id from users where openid=""
2020/04/21 19:43:40.003 [I] [router.go:835]  queryId:  0
2020/04/21 19:43:40.007 [I] [router.go:835]  将openid, session_key, token存入数据库中成功, id =  1
2020/04/21 19:43:40.008 [D] [server.go:2807]  |            ::1|[42m 200 [0m|    41.8874ms|   match|[46m POST    [0m /login   r:/login
2020/04/21 19:46:55.268 [I] [asm_amd64.s:1373]  http server Running on http://:8080
2020/04/21 19:47:45.539 [I] [asm_amd64.s:1373]  http server Running on http://:8080
2020/04/21 19:48:11.790 [I] [router.go:835]  auth/token:  eyJhbGciOiJIUzI1NiIsInR5cCI6IkpXVCJ9.eyJleHAiOjE1ODY5MzU1MTQsIm9wZW5pZCI6Im9QRktxNWU4MjMzZ1hqUmpkTDRPZFBDZlI5OXMifQ.7cQzkWlTUdLxeHS-R02kbbQwre6EHw6FXpaTqQ16ll0
2020/04/21 19:48:11.792 [I] [router.go:835]  auth/openid:  oPFKq5e8233gXjRjdL4OdPCfR99s
2020/04/21 19:48:11.793 [I] [auth.go:28]  QueryUserId:  select id from users where openid="oPFKq5e8233gXjRjdL4OdPCfR99s"
2020/04/21 19:48:11.803 [I] [router.go:835]  auth/errCode&errMsg:  0 auth请求成功
2020/04/21 19:48:11.803 [D] [server.go:2807]  |            ::1|[42m 200 [0m|     12.966ms|   match|[46m POST    [0m /auth   r:/auth
2020/04/21 19:49:51.933 [I] [router.go:835]  code:  043zbaqK1JLP820VoInK1qyVpK1zbaq-
2020/04/21 19:49:52.269 [I] [router.go:835]  openid:  oPFKq5e8233gXjRjdL4OdPCfR99s
2020/04/21 19:49:52.270 [I] [router.go:835]  session_key:  3Wae9fzzGKXupfEbFdOpuQ==
2020/04/21 19:49:52.271 [I] [router.go:835]  token:  eyJhbGciOiJIUzI1NiIsInR5cCI6IkpXVCJ9.eyJleHAiOjE1ODc3Mjg5OTIsIm9wZW5pZCI6Im9QRktxNWU4MjMzZ1hqUmpkTDRPZFBDZlI5OXMifQ.56hSML25njbMJPuBgPZkqD7652oTeHjZ_sgVTbzqbIo
2020/04/21 19:49:52.273 [I] [login.go:50]  QueryUserId:  select id from users where openid="oPFKq5e8233gXjRjdL4OdPCfR99s"
2020/04/21 19:49:52.273 [I] [router.go:835]  queryId:  4
2020/04/21 19:49:52.274 [I] [login.go:53]  UpdateUser:  update users set token="eyJhbGciOiJIUzI1NiIsInR5cCI6IkpXVCJ9.eyJleHAiOjE1ODc3Mjg5OTIsIm9wZW5pZCI6Im9QRktxNWU4MjMzZ1hqUmpkTDRPZFBDZlI5OXMifQ.56hSML25njbMJPuBgPZkqD7652oTeHjZ_sgVTbzqbIo",session_key="3Wae9fzzGKXupfEbFdOpuQ==" where openid="oPFKq5e8233gXjRjdL4OdPCfR99s"
2020/04/21 19:49:52.281 [I] [router.go:835]  更新token和session_key成功, id =  1
2020/04/21 19:49:52.282 [D] [server.go:2807]  |            ::1|[42m 200 [0m|   349.4146ms|   match|[46m POST    [0m /login   r:/login
2020/04/21 19:53:54.691 [I] [asm_amd64.s:1373]  http server Running on http://:8080
2020/04/21 19:55:59.000 [I] [asm_amd64.s:1373]  http server Running on http://:8080
2020/04/21 19:56:11.863 [I] [asm_amd64.s:1373]  http server Running on http://:8080
2020/04/21 19:56:13.422 [I] [router.go:835]  code:  
2020/04/21 19:56:13.661 [E] [router.go:835]  missing code, hints: [ req_id: 3jkBn6yFe-d9UGtA ]
2020/04/21 19:56:13.662 [E] [router.go:835]  41008
2020/04/21 19:56:13.663 [D] [server.go:2807]  |            ::1|[42m 200 [0m|   241.3519ms|   match|[46m POST    [0m /login   r:/login
2020/04/21 19:57:59.515 [I] [asm_amd64.s:1373]  http server Running on http://:8080
2020/04/21 19:58:27.923 [I] [asm_amd64.s:1373]  http server Running on http://:8080
2020/04/21 19:58:54.609 [I] [asm_amd64.s:1373]  http server Running on http://:8080
2020/04/21 19:58:54.759 [I] [router.go:835]  code:  
2020/04/21 19:58:54.995 [E] [router.go:835]  missing code, hints: [ req_id: 5jkBcEyFe-JA2bta ]
2020/04/21 19:58:54.996 [E] [router.go:835]  41008
2020/04/21 19:58:54.997 [D] [server.go:2807]  |            ::1|[42m 200 [0m|   238.4103ms|   match|[46m POST    [0m /login   r:/login
2020/04/21 19:59:12.262 [I] [asm_amd64.s:1373]  http server Running on http://:8080
2020/04/21 19:59:15.163 [I] [router.go:835]  code:  
2020/04/21 19:59:15.385 [E] [router.go:835]  missing code, hints: [ req_id: 6jkBcEyFe-6NnPMa ]
2020/04/21 19:59:15.386 [E] [router.go:835]  41008
2020/04/21 19:59:15.387 [D] [server.go:2807]  |            ::1|[42m 200 [0m|   224.3989ms|   match|[46m POST    [0m /login   r:/login
2020/04/21 20:00:32.561 [I] [asm_amd64.s:1373]  http server Running on http://:8080
2020/04/21 20:00:37.277 [I] [asm_amd64.s:1373]  http server Running on http://:8080
2020/04/21 20:00:37.281 [C] [asm_amd64.s:1373]  ListenAndServe:  listen tcp :8080: bind: Only one usage of each socket address (protocol/network address/port) is normally permitted.
2020/04/21 20:00:56.940 [I] [asm_amd64.s:1373]  http server Running on http://:8080
2020/04/21 20:01:11.584 [I] [asm_amd64.s:1373]  http server Running on http://:8080
2020/04/21 20:01:27.373 [I] [asm_amd64.s:1373]  http server Running on http://:8080
2020/04/21 20:01:36.951 [I] [asm_amd64.s:1373]  http server Running on http://:8080
2020/04/21 20:02:01.156 [I] [asm_amd64.s:1373]  http server Running on http://:8080
2020/04/21 20:02:49.832 [I] [asm_amd64.s:1373]  http server Running on http://:8080
2020/04/21 20:02:52.393 [I] [router.go:835]  code:  
2020/04/21 20:02:52.642 [E] [router.go:835]  missing code, hints: [ req_id: AJkBqRLnRa-1AoyBA ]
2020/04/21 20:02:52.643 [E] [router.go:835]  41008
2020/04/21 20:02:52.643 [D] [server.go:2807]  |            ::1|[42m 200 [0m|   249.3328ms|   match|[46m POST    [0m /login   r:/login
2020/04/21 20:03:37.761 [I] [asm_amd64.s:1373]  http server Running on http://:8080
2020/04/21 20:03:50.957 [I] [asm_amd64.s:1373]  http server Running on http://:8080
2020/04/21 20:04:09.894 [I] [asm_amd64.s:1373]  http server Running on http://:8080
2020/04/21 20:04:55.382 [I] [asm_amd64.s:1373]  http server Running on http://:8080
2020/04/21 20:05:24.335 [I] [asm_amd64.s:1373]  http server Running on http://:8080
2020/04/21 20:06:10.927 [I] [asm_amd64.s:1373]  http server Running on http://:8080
2020/04/21 20:06:20.957 [I] [asm_amd64.s:1373]  http server Running on http://:8080
2020/04/21 20:07:14.911 [I] [asm_amd64.s:1373]  http server Running on http://:8080
2020/04/21 20:07:15.162 [I] [router.go:835]  auth/token:  
2020/04/21 20:07:15.163 [C] [panic.go:967]  the request url is  /auth
2020/04/21 20:07:15.164 [C] [panic.go:967]  Handler crashed with error runtime error: invalid memory address or nil pointer dereference
2020/04/21 20:07:15.164 [C] [panic.go:967]  c:/go/src/runtime/panic.go:967
2020/04/21 20:07:15.165 [C] [panic.go:967]  c:/go/src/runtime/panic.go:212
2020/04/21 20:07:15.165 [C] [panic.go:967]  c:/go/src/runtime/signal_windows.go:246
2020/04/21 20:07:15.166 [C] [panic.go:967]  C:/Users/杨杰/Desktop/yanglt/golang/src/tpl_api/utils/token.go:40
2020/04/21 20:07:15.166 [C] [panic.go:967]  C:/Users/杨杰/Desktop/yanglt/golang/src/tpl_api/utils/token.go:45
2020/04/21 20:07:15.167 [C] [panic.go:967]  C:/Users/杨杰/Desktop/yanglt/golang/src/tpl_api/controllers/auth.go:24
2020/04/21 20:07:15.167 [C] [panic.go:967]  C:/Users/杨杰/Desktop/yanglt/golang/src/github.com/astaxie/beego/router.go:835
2020/04/21 20:07:15.167 [C] [panic.go:967]  c:/go/src/net/http/server.go:2807
2020/04/21 20:07:15.168 [C] [panic.go:967]  c:/go/src/net/http/server.go:1895
2020/04/21 20:07:15.168 [C] [panic.go:967]  c:/go/src/runtime/asm_amd64.s:1373
2020/04/21 20:07:15.169 [server.go:3059]  [HTTP] http: superfluous response.WriteHeader call from github.com/astaxie/beego/context.(*Response).WriteHeader (context.go:230)
2020/04/21 20:08:01.879 [I] [asm_amd64.s:1373]  http server Running on http://:8080
2020/04/21 20:08:59.211 [I] [asm_amd64.s:1373]  http server Running on http://:8080
2020/04/21 20:09:01.366 [I] [router.go:835]  auth/token:  
2020/04/21 20:09:01.366 [C] [panic.go:967]  the request url is  /auth
2020/04/21 20:09:01.367 [C] [panic.go:967]  Handler crashed with error runtime error: invalid memory address or nil pointer dereference
2020/04/21 20:09:01.367 [C] [panic.go:967]  c:/go/src/runtime/panic.go:967
2020/04/21 20:09:01.368 [C] [panic.go:967]  c:/go/src/runtime/panic.go:212
2020/04/21 20:09:01.368 [C] [panic.go:967]  c:/go/src/runtime/signal_windows.go:246
2020/04/21 20:09:01.369 [C] [panic.go:967]  C:/Users/杨杰/Desktop/yanglt/golang/src/tpl_api/utils/token.go:40
2020/04/21 20:09:01.369 [C] [panic.go:967]  C:/Users/杨杰/Desktop/yanglt/golang/src/tpl_api/utils/token.go:45
2020/04/21 20:09:01.369 [C] [panic.go:967]  C:/Users/杨杰/Desktop/yanglt/golang/src/tpl_api/controllers/auth.go:24
2020/04/21 20:09:01.370 [C] [panic.go:967]  C:/Users/杨杰/Desktop/yanglt/golang/src/github.com/astaxie/beego/router.go:835
2020/04/21 20:09:01.370 [C] [panic.go:967]  c:/go/src/net/http/server.go:2807
2020/04/21 20:09:01.370 [C] [panic.go:967]  c:/go/src/net/http/server.go:1895
2020/04/21 20:09:01.370 [C] [panic.go:967]  c:/go/src/runtime/asm_amd64.s:1373
2020/04/21 20:09:01.371 [server.go:3059]  [HTTP] http: superfluous response.WriteHeader call from github.com/astaxie/beego/context.(*Response).WriteHeader (context.go:230)
2020/04/21 20:10:22.488 [I] [router.go:835]  auth/token:  eyJhbGciOiJIUzI1NiIsInR5cCI6IkpXVCJ9.eyJleHAiOjE1ODc3Mjg5OTIsIm9wZW5pZCI6Im9QRktxNWU4MjMzZ1hqUmpkTDRPZFBDZlI5OXMifQ.56hSML25njbMJPuBgPZkqD7652oTeHjZ_sgVTbzqbIo
2020/04/21 20:10:22.491 [I] [router.go:835]  auth/openid:  oPFKq5e8233gXjRjdL4OdPCfR99s
2020/04/21 20:10:22.492 [I] [auth.go:28]  QueryUserId:  select id from users where openid="oPFKq5e8233gXjRjdL4OdPCfR99s"
2020/04/21 20:10:22.496 [I] [router.go:835]  auth/errCode&errMsg:  0 auth请求成功
2020/04/21 20:10:22.498 [D] [server.go:2807]  |            ::1|[42m 200 [0m|     9.9792ms|   match|[46m POST    [0m /auth   r:/auth
2020/04/21 20:11:37.755 [I] [router.go:835]  auth/token:  
2020/04/21 20:11:37.755 [C] [panic.go:967]  the request url is  /auth
2020/04/21 20:11:37.756 [C] [panic.go:967]  Handler crashed with error runtime error: invalid memory address or nil pointer dereference
2020/04/21 20:11:37.756 [C] [panic.go:967]  c:/go/src/runtime/panic.go:967
2020/04/21 20:11:37.756 [C] [panic.go:967]  c:/go/src/runtime/panic.go:212
2020/04/21 20:11:37.757 [C] [panic.go:967]  c:/go/src/runtime/signal_windows.go:246
2020/04/21 20:11:37.758 [C] [panic.go:967]  C:/Users/杨杰/Desktop/yanglt/golang/src/tpl_api/utils/token.go:40
2020/04/21 20:11:37.758 [C] [panic.go:967]  C:/Users/杨杰/Desktop/yanglt/golang/src/tpl_api/utils/token.go:45
2020/04/21 20:11:37.758 [C] [panic.go:967]  C:/Users/杨杰/Desktop/yanglt/golang/src/tpl_api/controllers/auth.go:24
2020/04/21 20:11:37.758 [C] [panic.go:967]  C:/Users/杨杰/Desktop/yanglt/golang/src/github.com/astaxie/beego/router.go:835
2020/04/21 20:11:37.759 [C] [panic.go:967]  c:/go/src/net/http/server.go:2807
2020/04/21 20:11:37.759 [C] [panic.go:967]  c:/go/src/net/http/server.go:1895
2020/04/21 20:11:37.759 [C] [panic.go:967]  c:/go/src/runtime/asm_amd64.s:1373
2020/04/21 20:11:37.760 [server.go:3059]  [HTTP] http: superfluous response.WriteHeader call from github.com/astaxie/beego/context.(*Response).WriteHeader (context.go:230)
2020/04/21 20:11:37.765 [I] [router.go:835]  auth/token:  
2020/04/21 20:11:37.766 [C] [panic.go:967]  the request url is  /auth
2020/04/21 20:11:37.766 [C] [panic.go:967]  Handler crashed with error runtime error: invalid memory address or nil pointer dereference
2020/04/21 20:11:37.766 [C] [panic.go:967]  c:/go/src/runtime/panic.go:967
2020/04/21 20:11:37.766 [C] [panic.go:967]  c:/go/src/runtime/panic.go:212
2020/04/21 20:11:37.767 [C] [panic.go:967]  c:/go/src/runtime/signal_windows.go:246
2020/04/21 20:11:37.767 [C] [panic.go:967]  C:/Users/杨杰/Desktop/yanglt/golang/src/tpl_api/utils/token.go:40
2020/04/21 20:11:37.767 [C] [panic.go:967]  C:/Users/杨杰/Desktop/yanglt/golang/src/tpl_api/utils/token.go:45
2020/04/21 20:11:37.768 [C] [panic.go:967]  C:/Users/杨杰/Desktop/yanglt/golang/src/tpl_api/controllers/auth.go:24
2020/04/21 20:11:37.768 [C] [panic.go:967]  C:/Users/杨杰/Desktop/yanglt/golang/src/github.com/astaxie/beego/router.go:835
2020/04/21 20:11:37.768 [C] [panic.go:967]  c:/go/src/net/http/server.go:2807
2020/04/21 20:11:37.769 [C] [panic.go:967]  c:/go/src/net/http/server.go:1895
2020/04/21 20:11:37.769 [C] [panic.go:967]  c:/go/src/runtime/asm_amd64.s:1373
2020/04/21 20:11:37.769 [server.go:3059]  [HTTP] http: superfluous response.WriteHeader call from github.com/astaxie/beego/context.(*Response).WriteHeader (context.go:230)
2020/04/21 20:11:54.926 [I] [asm_amd64.s:1373]  http server Running on http://:8080
2020/04/21 20:11:58.636 [I] [router.go:835]  auth/token:  
2020/04/21 20:11:58.637 [C] [panic.go:967]  the request url is  /auth
2020/04/21 20:11:58.637 [C] [panic.go:967]  Handler crashed with error runtime error: invalid memory address or nil pointer dereference
2020/04/21 20:11:58.637 [C] [panic.go:967]  c:/go/src/runtime/panic.go:967
2020/04/21 20:11:58.638 [C] [panic.go:967]  c:/go/src/runtime/panic.go:212
2020/04/21 20:11:58.638 [C] [panic.go:967]  c:/go/src/runtime/signal_windows.go:246
2020/04/21 20:11:58.638 [C] [panic.go:967]  C:/Users/杨杰/Desktop/yanglt/golang/src/tpl_api/utils/token.go:40
2020/04/21 20:11:58.639 [C] [panic.go:967]  C:/Users/杨杰/Desktop/yanglt/golang/src/tpl_api/utils/token.go:45
2020/04/21 20:11:58.639 [C] [panic.go:967]  C:/Users/杨杰/Desktop/yanglt/golang/src/tpl_api/controllers/auth.go:24
2020/04/21 20:11:58.640 [C] [panic.go:967]  C:/Users/杨杰/Desktop/yanglt/golang/src/github.com/astaxie/beego/router.go:835
2020/04/21 20:11:58.640 [C] [panic.go:967]  c:/go/src/net/http/server.go:2807
2020/04/21 20:11:58.641 [C] [panic.go:967]  c:/go/src/net/http/server.go:1895
2020/04/21 20:11:58.641 [C] [panic.go:967]  c:/go/src/runtime/asm_amd64.s:1373
2020/04/21 20:11:58.642 [server.go:3059]  [HTTP] http: superfluous response.WriteHeader call from github.com/astaxie/beego/context.(*Response).WriteHeader (context.go:230)
2020/04/21 20:12:25.809 [I] [asm_amd64.s:1373]  http server Running on http://:8080
2020/04/21 20:12:27.655 [I] [router.go:835]  auth/token:  
2020/04/21 20:12:27.656 [C] [panic.go:967]  the request url is  /auth
2020/04/21 20:12:27.656 [C] [panic.go:967]  Handler crashed with error runtime error: invalid memory address or nil pointer dereference
2020/04/21 20:12:27.657 [C] [panic.go:967]  c:/go/src/runtime/panic.go:967
2020/04/21 20:12:27.657 [C] [panic.go:967]  c:/go/src/runtime/panic.go:212
2020/04/21 20:12:27.658 [C] [panic.go:967]  c:/go/src/runtime/signal_windows.go:246
2020/04/21 20:12:27.658 [C] [panic.go:967]  C:/Users/杨杰/Desktop/yanglt/golang/src/tpl_api/utils/token.go:40
2020/04/21 20:12:27.658 [C] [panic.go:967]  C:/Users/杨杰/Desktop/yanglt/golang/src/tpl_api/utils/token.go:45
2020/04/21 20:12:27.659 [C] [panic.go:967]  C:/Users/杨杰/Desktop/yanglt/golang/src/tpl_api/controllers/auth.go:24
2020/04/21 20:12:27.659 [C] [panic.go:967]  C:/Users/杨杰/Desktop/yanglt/golang/src/github.com/astaxie/beego/router.go:835
2020/04/21 20:12:27.659 [C] [panic.go:967]  c:/go/src/net/http/server.go:2807
2020/04/21 20:12:27.660 [C] [panic.go:967]  c:/go/src/net/http/server.go:1895
2020/04/21 20:12:27.660 [C] [panic.go:967]  c:/go/src/runtime/asm_amd64.s:1373
2020/04/21 20:12:27.661 [server.go:3059]  [HTTP] http: superfluous response.WriteHeader call from github.com/astaxie/beego/context.(*Response).WriteHeader (context.go:230)
2020/04/21 20:12:53.519 [I] [asm_amd64.s:1373]  http server Running on http://:8080
2020/04/21 20:12:54.964 [I] [router.go:835]  auth/token:  
2020/04/21 20:12:54.964 [C] [panic.go:967]  the request url is  /auth
2020/04/21 20:12:54.965 [C] [panic.go:967]  Handler crashed with error runtime error: invalid memory address or nil pointer dereference
2020/04/21 20:12:54.965 [C] [panic.go:967]  c:/go/src/runtime/panic.go:967
2020/04/21 20:12:54.966 [C] [panic.go:967]  c:/go/src/runtime/panic.go:212
2020/04/21 20:12:54.966 [C] [panic.go:967]  c:/go/src/runtime/signal_windows.go:246
2020/04/21 20:12:54.966 [C] [panic.go:967]  C:/Users/杨杰/Desktop/yanglt/golang/src/tpl_api/utils/token.go:40
2020/04/21 20:12:54.967 [C] [panic.go:967]  C:/Users/杨杰/Desktop/yanglt/golang/src/tpl_api/utils/token.go:45
2020/04/21 20:12:54.967 [C] [panic.go:967]  C:/Users/杨杰/Desktop/yanglt/golang/src/tpl_api/controllers/auth.go:24
2020/04/21 20:12:54.967 [C] [panic.go:967]  C:/Users/杨杰/Desktop/yanglt/golang/src/github.com/astaxie/beego/router.go:835
2020/04/21 20:12:54.967 [C] [panic.go:967]  c:/go/src/net/http/server.go:2807
2020/04/21 20:12:54.968 [C] [panic.go:967]  c:/go/src/net/http/server.go:1895
2020/04/21 20:12:54.968 [C] [panic.go:967]  c:/go/src/runtime/asm_amd64.s:1373
2020/04/21 20:12:54.968 [server.go:3059]  [HTTP] http: superfluous response.WriteHeader call from github.com/astaxie/beego/context.(*Response).WriteHeader (context.go:230)
2020/04/21 20:13:44.033 [I] [asm_amd64.s:1373]  http server Running on http://:8080
2020/04/21 20:13:45.309 [I] [router.go:835]  auth/token:  
2020/04/21 20:13:45.310 [C] [panic.go:967]  the request url is  /auth
2020/04/21 20:13:45.310 [C] [panic.go:967]  Handler crashed with error runtime error: invalid memory address or nil pointer dereference
2020/04/21 20:13:45.310 [C] [panic.go:967]  c:/go/src/runtime/panic.go:967
2020/04/21 20:13:45.311 [C] [panic.go:967]  c:/go/src/runtime/panic.go:212
2020/04/21 20:13:45.311 [C] [panic.go:967]  c:/go/src/runtime/signal_windows.go:246
2020/04/21 20:13:45.312 [C] [panic.go:967]  C:/Users/杨杰/Desktop/yanglt/golang/src/tpl_api/utils/token.go:40
2020/04/21 20:13:45.312 [C] [panic.go:967]  C:/Users/杨杰/Desktop/yanglt/golang/src/tpl_api/utils/token.go:45
2020/04/21 20:13:45.312 [C] [panic.go:967]  C:/Users/杨杰/Desktop/yanglt/golang/src/tpl_api/controllers/auth.go:24
2020/04/21 20:13:45.312 [C] [panic.go:967]  C:/Users/杨杰/Desktop/yanglt/golang/src/github.com/astaxie/beego/router.go:835
2020/04/21 20:13:45.313 [C] [panic.go:967]  c:/go/src/net/http/server.go:2807
2020/04/21 20:13:45.313 [C] [panic.go:967]  c:/go/src/net/http/server.go:1895
2020/04/21 20:13:45.313 [C] [panic.go:967]  c:/go/src/runtime/asm_amd64.s:1373
2020/04/21 20:13:45.314 [server.go:3059]  [HTTP] http: superfluous response.WriteHeader call from github.com/astaxie/beego/context.(*Response).WriteHeader (context.go:230)
2020/04/21 20:14:07.239 [I] [asm_amd64.s:1373]  http server Running on http://:8080
2020/04/21 20:14:07.496 [I] [router.go:835]  auth/token:  
2020/04/21 20:14:07.497 [C] [panic.go:967]  the request url is  /auth
2020/04/21 20:14:07.498 [C] [panic.go:967]  Handler crashed with error runtime error: invalid memory address or nil pointer dereference
2020/04/21 20:14:07.499 [C] [panic.go:967]  c:/go/src/runtime/panic.go:967
2020/04/21 20:14:07.500 [C] [panic.go:967]  c:/go/src/runtime/panic.go:212
2020/04/21 20:14:07.501 [C] [panic.go:967]  c:/go/src/runtime/signal_windows.go:246
2020/04/21 20:14:07.501 [C] [panic.go:967]  C:/Users/杨杰/Desktop/yanglt/golang/src/tpl_api/utils/token.go:40
2020/04/21 20:14:07.501 [C] [panic.go:967]  C:/Users/杨杰/Desktop/yanglt/golang/src/tpl_api/utils/token.go:45
2020/04/21 20:14:07.501 [C] [panic.go:967]  C:/Users/杨杰/Desktop/yanglt/golang/src/tpl_api/controllers/auth.go:24
2020/04/21 20:14:07.502 [C] [panic.go:967]  C:/Users/杨杰/Desktop/yanglt/golang/src/github.com/astaxie/beego/router.go:835
2020/04/21 20:14:07.503 [C] [panic.go:967]  c:/go/src/net/http/server.go:2807
2020/04/21 20:14:07.503 [C] [panic.go:967]  c:/go/src/net/http/server.go:1895
2020/04/21 20:14:07.503 [C] [panic.go:967]  c:/go/src/runtime/asm_amd64.s:1373
2020/04/21 20:14:07.504 [server.go:3059]  [HTTP] http: superfluous response.WriteHeader call from github.com/astaxie/beego/context.(*Response).WriteHeader (context.go:230)
2020/04/21 20:15:24.620 [I] [asm_amd64.s:1373]  http server Running on http://:8080
2020/04/21 20:15:26.112 [I] [router.go:835]  auth/token:  
2020/04/21 20:15:26.113 [C] [panic.go:967]  the request url is  /auth
2020/04/21 20:15:26.114 [C] [panic.go:967]  Handler crashed with error runtime error: invalid memory address or nil pointer dereference
2020/04/21 20:15:26.114 [C] [panic.go:967]  c:/go/src/runtime/panic.go:967
2020/04/21 20:15:26.114 [C] [panic.go:967]  c:/go/src/runtime/panic.go:212
2020/04/21 20:15:26.115 [C] [panic.go:967]  c:/go/src/runtime/signal_windows.go:246
2020/04/21 20:15:26.115 [C] [panic.go:967]  C:/Users/杨杰/Desktop/yanglt/golang/src/tpl_api/utils/token.go:40
2020/04/21 20:15:26.116 [C] [panic.go:967]  C:/Users/杨杰/Desktop/yanglt/golang/src/tpl_api/utils/token.go:45
2020/04/21 20:15:26.116 [C] [panic.go:967]  C:/Users/杨杰/Desktop/yanglt/golang/src/tpl_api/controllers/auth.go:24
2020/04/21 20:15:26.116 [C] [panic.go:967]  C:/Users/杨杰/Desktop/yanglt/golang/src/github.com/astaxie/beego/router.go:835
2020/04/21 20:15:26.117 [C] [panic.go:967]  c:/go/src/net/http/server.go:2807
2020/04/21 20:15:26.117 [C] [panic.go:967]  c:/go/src/net/http/server.go:1895
2020/04/21 20:15:26.117 [C] [panic.go:967]  c:/go/src/runtime/asm_amd64.s:1373
2020/04/21 20:15:26.117 [server.go:3059]  [HTTP] http: superfluous response.WriteHeader call from github.com/astaxie/beego/context.(*Response).WriteHeader (context.go:230)
2020/04/21 20:15:42.619 [I] [asm_amd64.s:1373]  http server Running on http://:8080
2020/04/21 20:17:23.076 [I] [asm_amd64.s:1373]  http server Running on http://:8080
2020/04/21 20:17:24.726 [I] [asm_amd64.s:1373]  http server Running on http://:8080
2020/04/21 20:17:25.466 [I] [router.go:835]  auth/token:  
2020/04/21 20:17:25.467 [C] [panic.go:967]  the request url is  /auth
2020/04/21 20:17:25.468 [C] [panic.go:967]  Handler crashed with error runtime error: invalid memory address or nil pointer dereference
2020/04/21 20:17:25.468 [C] [panic.go:967]  c:/go/src/runtime/panic.go:967
2020/04/21 20:17:25.469 [C] [panic.go:967]  c:/go/src/runtime/panic.go:212
2020/04/21 20:17:25.469 [C] [panic.go:967]  c:/go/src/runtime/signal_windows.go:246
2020/04/21 20:17:25.469 [C] [panic.go:967]  C:/Users/杨杰/Desktop/yanglt/golang/src/tpl_api/utils/token.go:40
2020/04/21 20:17:25.469 [C] [panic.go:967]  C:/Users/杨杰/Desktop/yanglt/golang/src/tpl_api/utils/token.go:45
2020/04/21 20:17:25.470 [C] [panic.go:967]  C:/Users/杨杰/Desktop/yanglt/golang/src/tpl_api/controllers/auth.go:24
2020/04/21 20:17:25.470 [C] [panic.go:967]  C:/Users/杨杰/Desktop/yanglt/golang/src/github.com/astaxie/beego/router.go:835
2020/04/21 20:17:25.470 [C] [panic.go:967]  c:/go/src/net/http/server.go:2807
2020/04/21 20:17:25.470 [C] [panic.go:967]  c:/go/src/net/http/server.go:1895
2020/04/21 20:17:25.471 [C] [panic.go:967]  c:/go/src/runtime/asm_amd64.s:1373
2020/04/21 20:17:25.471 [server.go:3059]  [HTTP] http: superfluous response.WriteHeader call from github.com/astaxie/beego/context.(*Response).WriteHeader (context.go:230)
2020/04/21 20:18:37.685 [I] [router.go:835]  auth/token:  eyJhbGciOiJIUzI1NiIsInR5cCI6IkpXVCJ9.eyJleHAiOjE1ODc3Mjg5OTIsIm9wZW5pZCI6Im9QRktxNWU4MjMzZ1hqUmpkTDRPZFBDZlI5OXMifQ.56hSML25njbMJPuBgPZkqD7652oTeHjZ_sgVTbzqbIo
2020/04/21 20:18:37.701 [I] [router.go:835]  auth/openid:  oPFKq5e8233gXjRjdL4OdPCfR99s
2020/04/21 20:18:37.702 [I] [auth.go:28]  QueryUserId:  select id from users where openid="oPFKq5e8233gXjRjdL4OdPCfR99s"
2020/04/21 20:18:37.709 [I] [router.go:835]  auth/errCode&errMsg:  0 auth请求成功
2020/04/21 20:18:37.722 [D] [server.go:2807]  |            ::1|[42m 200 [0m|    36.9751ms|   match|[46m POST    [0m /auth   r:/auth
2020/04/21 20:19:21.491 [I] [asm_amd64.s:1373]  http server Running on http://:8080
2020/04/21 20:23:03.363 [I] [router.go:835]  auth/token:  
2020/04/21 20:23:03.365 [C] [panic.go:967]  the request url is  /auth
2020/04/21 20:23:03.365 [C] [panic.go:967]  Handler crashed with error runtime error: invalid memory address or nil pointer dereference
2020/04/21 20:23:03.366 [C] [panic.go:967]  c:/go/src/runtime/panic.go:967
2020/04/21 20:23:03.367 [C] [panic.go:967]  c:/go/src/runtime/panic.go:212
2020/04/21 20:23:03.367 [C] [panic.go:967]  c:/go/src/runtime/signal_windows.go:246
2020/04/21 20:23:03.368 [C] [panic.go:967]  C:/Users/杨杰/Desktop/yanglt/golang/src/tpl_api/utils/token.go:40
2020/04/21 20:23:03.368 [C] [panic.go:967]  C:/Users/杨杰/Desktop/yanglt/golang/src/tpl_api/utils/token.go:45
2020/04/21 20:23:03.368 [C] [panic.go:967]  C:/Users/杨杰/Desktop/yanglt/golang/src/tpl_api/controllers/auth.go:24
2020/04/21 20:23:03.368 [C] [panic.go:967]  C:/Users/杨杰/Desktop/yanglt/golang/src/github.com/astaxie/beego/router.go:835
2020/04/21 20:23:03.369 [C] [panic.go:967]  c:/go/src/net/http/server.go:2807
2020/04/21 20:23:03.369 [C] [panic.go:967]  c:/go/src/net/http/server.go:1895
2020/04/21 20:23:03.369 [C] [panic.go:967]  c:/go/src/runtime/asm_amd64.s:1373
2020/04/21 20:23:03.370 [server.go:3059]  [HTTP] http: superfluous response.WriteHeader call from github.com/astaxie/beego/context.(*Response).WriteHeader (context.go:230)
2020/04/21 20:23:39.686 [I] [asm_amd64.s:1373]  http server Running on http://:8080
2020/04/21 20:23:41.654 [I] [router.go:835]  auth/token:  
2020/04/21 20:23:41.655 [C] [panic.go:967]  the request url is  /auth
2020/04/21 20:23:41.656 [C] [panic.go:967]  Handler crashed with error runtime error: invalid memory address or nil pointer dereference
2020/04/21 20:23:41.656 [C] [panic.go:967]  c:/go/src/runtime/panic.go:967
2020/04/21 20:23:41.657 [C] [panic.go:967]  c:/go/src/runtime/panic.go:212
2020/04/21 20:23:41.658 [C] [panic.go:967]  c:/go/src/runtime/signal_windows.go:246
2020/04/21 20:23:41.658 [C] [panic.go:967]  C:/Users/杨杰/Desktop/yanglt/golang/src/tpl_api/utils/token.go:40
2020/04/21 20:23:41.658 [C] [panic.go:967]  C:/Users/杨杰/Desktop/yanglt/golang/src/tpl_api/utils/token.go:45
2020/04/21 20:23:41.658 [C] [panic.go:967]  C:/Users/杨杰/Desktop/yanglt/golang/src/tpl_api/controllers/auth.go:24
2020/04/21 20:23:41.659 [C] [panic.go:967]  C:/Users/杨杰/Desktop/yanglt/golang/src/github.com/astaxie/beego/router.go:835
2020/04/21 20:23:41.659 [C] [panic.go:967]  c:/go/src/net/http/server.go:2807
2020/04/21 20:23:41.660 [C] [panic.go:967]  c:/go/src/net/http/server.go:1895
2020/04/21 20:23:41.660 [C] [panic.go:967]  c:/go/src/runtime/asm_amd64.s:1373
2020/04/21 20:23:41.661 [server.go:3059]  [HTTP] http: superfluous response.WriteHeader call from github.com/astaxie/beego/context.(*Response).WriteHeader (context.go:230)
2020/04/21 20:24:14.263 [I] [asm_amd64.s:1373]  http server Running on http://:8080
2020/04/21 20:24:47.243 [I] [asm_amd64.s:1373]  http server Running on http://:8080
2020/04/21 20:25:04.501 [I] [asm_amd64.s:1373]  http server Running on http://:8080
2020/04/21 20:25:25.998 [I] [asm_amd64.s:1373]  http server Running on http://:8080
2020/04/21 20:26:41.536 [I] [asm_amd64.s:1373]  http server Running on http://:8080
2020/04/21 20:28:11.048 [I] [asm_amd64.s:1373]  http server Running on http://:8080
2020/04/21 20:29:09.330 [I] [router.go:835]  auth/token:  
2020/04/21 20:29:09.331 [C] [panic.go:967]  the request url is  /auth
2020/04/21 20:29:09.331 [C] [panic.go:967]  Handler crashed with error runtime error: invalid memory address or nil pointer dereference
2020/04/21 20:29:09.331 [C] [panic.go:967]  c:/go/src/runtime/panic.go:967
2020/04/21 20:29:09.332 [C] [panic.go:967]  c:/go/src/runtime/panic.go:212
2020/04/21 20:29:09.332 [C] [panic.go:967]  c:/go/src/runtime/signal_windows.go:246
2020/04/21 20:29:09.333 [C] [panic.go:967]  C:/Users/杨杰/Desktop/yanglt/golang/src/tpl_api/utils/token.go:40
2020/04/21 20:29:09.333 [C] [panic.go:967]  C:/Users/杨杰/Desktop/yanglt/golang/src/tpl_api/utils/token.go:45
2020/04/21 20:29:09.334 [C] [panic.go:967]  C:/Users/杨杰/Desktop/yanglt/golang/src/tpl_api/controllers/auth.go:24
2020/04/21 20:29:09.335 [C] [panic.go:967]  C:/Users/杨杰/Desktop/yanglt/golang/src/github.com/astaxie/beego/router.go:835
2020/04/21 20:29:09.335 [C] [panic.go:967]  c:/go/src/net/http/server.go:2807
2020/04/21 20:29:09.335 [C] [panic.go:967]  c:/go/src/net/http/server.go:1895
2020/04/21 20:29:09.336 [C] [panic.go:967]  c:/go/src/runtime/asm_amd64.s:1373
2020/04/21 20:29:09.337 [server.go:3059]  [HTTP] http: superfluous response.WriteHeader call from github.com/astaxie/beego/context.(*Response).WriteHeader (context.go:230)
2020/04/21 20:29:11.346 [I] [asm_amd64.s:1373]  http server Running on http://:8080
2020/04/21 20:29:24.982 [I] [router.go:835]  auth/token:  
2020/04/21 20:29:24.983 [C] [panic.go:967]  the request url is  /auth
2020/04/21 20:29:24.983 [C] [panic.go:967]  Handler crashed with error runtime error: invalid memory address or nil pointer dereference
2020/04/21 20:29:24.984 [C] [panic.go:967]  c:/go/src/runtime/panic.go:967
2020/04/21 20:29:24.985 [C] [panic.go:967]  c:/go/src/runtime/panic.go:212
2020/04/21 20:29:24.985 [C] [panic.go:967]  c:/go/src/runtime/signal_windows.go:246
2020/04/21 20:29:24.986 [C] [panic.go:967]  C:/Users/杨杰/Desktop/yanglt/golang/src/tpl_api/utils/token.go:40
2020/04/21 20:29:24.986 [C] [panic.go:967]  C:/Users/杨杰/Desktop/yanglt/golang/src/tpl_api/utils/token.go:45
2020/04/21 20:29:24.986 [C] [panic.go:967]  C:/Users/杨杰/Desktop/yanglt/golang/src/tpl_api/controllers/auth.go:24
2020/04/21 20:29:24.987 [C] [panic.go:967]  C:/Users/杨杰/Desktop/yanglt/golang/src/github.com/astaxie/beego/router.go:835
2020/04/21 20:29:24.987 [C] [panic.go:967]  c:/go/src/net/http/server.go:2807
2020/04/21 20:29:24.988 [C] [panic.go:967]  c:/go/src/net/http/server.go:1895
2020/04/21 20:29:24.989 [C] [panic.go:967]  c:/go/src/runtime/asm_amd64.s:1373
2020/04/21 20:29:24.989 [server.go:3059]  [HTTP] http: superfluous response.WriteHeader call from github.com/astaxie/beego/context.(*Response).WriteHeader (context.go:230)
2020/04/21 20:30:31.667 [I] [router.go:835]  code:  
2020/04/21 20:30:31.981 [E] [router.go:835]  missing code, hints: [ req_id: OJkBpz4ce-sVYNFa ]
2020/04/21 20:30:31.983 [E] [router.go:835]  41008
2020/04/21 20:30:31.985 [D] [server.go:2807]  |            ::1|[42m 200 [0m|   318.7703ms|   match|[46m POST    [0m /login   r:/login
2020/04/21 20:31:21.321 [I] [asm_amd64.s:1373]  http server Running on http://:8080
2020/04/21 20:31:21.486 [I] [router.go:835]  auth/token:  
2020/04/21 20:31:21.488 [C] [panic.go:967]  the request url is  /auth
2020/04/21 20:31:21.490 [C] [panic.go:967]  Handler crashed with error runtime error: invalid memory address or nil pointer dereference
2020/04/21 20:31:21.493 [C] [panic.go:967]  c:/go/src/runtime/panic.go:967
2020/04/21 20:31:21.495 [C] [panic.go:967]  c:/go/src/runtime/panic.go:212
2020/04/21 20:31:21.532 [C] [panic.go:967]  c:/go/src/runtime/signal_windows.go:246
2020/04/21 20:31:21.554 [C] [panic.go:967]  C:/Users/杨杰/Desktop/yanglt/golang/src/tpl_api/utils/token.go:40
2020/04/21 20:31:21.556 [C] [panic.go:967]  C:/Users/杨杰/Desktop/yanglt/golang/src/tpl_api/utils/token.go:45
2020/04/21 20:31:21.558 [C] [panic.go:967]  C:/Users/杨杰/Desktop/yanglt/golang/src/tpl_api/controllers/auth.go:24
2020/04/21 20:31:21.559 [C] [panic.go:967]  C:/Users/杨杰/Desktop/yanglt/golang/src/github.com/astaxie/beego/router.go:835
2020/04/21 20:31:21.560 [C] [panic.go:967]  c:/go/src/net/http/server.go:2807
2020/04/21 20:31:21.561 [C] [panic.go:967]  c:/go/src/net/http/server.go:1895
2020/04/21 20:31:21.562 [C] [panic.go:967]  c:/go/src/runtime/asm_amd64.s:1373
2020/04/21 20:31:21.565 [server.go:3059]  [HTTP] http: superfluous response.WriteHeader call from github.com/astaxie/beego/context.(*Response).WriteHeader (context.go:230)
2020/04/21 20:32:01.086 [I] [asm_amd64.s:1373]  http server Running on http://:8080
2020/04/21 20:32:28.487 [I] [asm_amd64.s:1373]  http server Running on http://:8080
2020/04/21 20:33:43.541 [I] [asm_amd64.s:1373]  http server Running on http://:8080
2020/04/21 20:33:43.747 [I] [router.go:835]  auth/token:  
2020/04/21 20:33:43.749 [C] [panic.go:967]  the request url is  /auth
2020/04/21 20:33:43.751 [C] [panic.go:967]  Handler crashed with error runtime error: invalid memory address or nil pointer dereference
2020/04/21 20:33:43.758 [C] [panic.go:967]  c:/go/src/runtime/panic.go:967
2020/04/21 20:33:43.761 [C] [panic.go:967]  c:/go/src/runtime/panic.go:212
2020/04/21 20:33:43.763 [C] [panic.go:967]  c:/go/src/runtime/signal_windows.go:246
2020/04/21 20:33:43.765 [C] [panic.go:967]  C:/Users/杨杰/Desktop/yanglt/golang/src/tpl_api/utils/token.go:40
2020/04/21 20:33:43.768 [C] [panic.go:967]  C:/Users/杨杰/Desktop/yanglt/golang/src/tpl_api/utils/token.go:45
2020/04/21 20:33:43.796 [C] [panic.go:967]  C:/Users/杨杰/Desktop/yanglt/golang/src/tpl_api/controllers/auth.go:24
2020/04/21 20:33:43.799 [C] [panic.go:967]  C:/Users/杨杰/Desktop/yanglt/golang/src/github.com/astaxie/beego/router.go:835
2020/04/21 20:33:43.830 [C] [panic.go:967]  c:/go/src/net/http/server.go:2807
2020/04/21 20:33:43.832 [C] [panic.go:967]  c:/go/src/net/http/server.go:1895
2020/04/21 20:33:43.833 [C] [panic.go:967]  c:/go/src/runtime/asm_amd64.s:1373
2020/04/21 20:33:43.857 [server.go:3059]  [HTTP] http: superfluous response.WriteHeader call from github.com/astaxie/beego/context.(*Response).WriteHeader (context.go:230)
2020/04/21 20:34:45.404 [I] [asm_amd64.s:1373]  http server Running on http://:8080
2020/04/21 20:35:07.160 [I] [asm_amd64.s:1373]  http server Running on http://:8080
2020/04/21 20:36:09.419 [I] [asm_amd64.s:1373]  http server Running on http://:8080
2020/04/21 20:36:24.891 [I] [asm_amd64.s:1373]  http server Running on http://:8080
2020/04/21 20:36:46.141 [I] [asm_amd64.s:1373]  http server Running on http://:8080
2020/04/21 20:36:46.301 [I] [router.go:835]  sendUserInfo/token:  
2020/04/21 20:36:46.302 [C] [panic.go:967]  the request url is  /senduserinfo
2020/04/21 20:36:46.303 [C] [panic.go:967]  Handler crashed with error runtime error: invalid memory address or nil pointer dereference
2020/04/21 20:36:46.305 [C] [panic.go:967]  c:/go/src/runtime/panic.go:967
2020/04/21 20:36:46.307 [C] [panic.go:967]  c:/go/src/runtime/panic.go:212
2020/04/21 20:36:46.308 [C] [panic.go:967]  c:/go/src/runtime/signal_windows.go:246
2020/04/21 20:36:46.309 [C] [panic.go:967]  C:/Users/杨杰/Desktop/yanglt/golang/src/tpl_api/utils/token.go:40
2020/04/21 20:36:46.311 [C] [panic.go:967]  C:/Users/杨杰/Desktop/yanglt/golang/src/tpl_api/utils/token.go:45
2020/04/21 20:36:46.312 [C] [panic.go:967]  C:/Users/杨杰/Desktop/yanglt/golang/src/tpl_api/controllers/sendUserInfo.go:33
2020/04/21 20:36:46.313 [C] [panic.go:967]  C:/Users/杨杰/Desktop/yanglt/golang/src/github.com/astaxie/beego/router.go:835
2020/04/21 20:36:46.314 [C] [panic.go:967]  c:/go/src/net/http/server.go:2807
2020/04/21 20:36:46.318 [C] [panic.go:967]  c:/go/src/net/http/server.go:1895
2020/04/21 20:36:46.320 [C] [panic.go:967]  c:/go/src/runtime/asm_amd64.s:1373
2020/04/21 20:36:46.322 [server.go:3059]  [HTTP] http: superfluous response.WriteHeader call from github.com/astaxie/beego/context.(*Response).WriteHeader (context.go:230)
2020/04/21 20:37:14.546 [I] [asm_amd64.s:1373]  http server Running on http://:8080
2020/04/21 20:37:16.408 [I] [router.go:835]  sendUserInfo/token:  
2020/04/21 20:37:16.408 [C] [panic.go:967]  the request url is  /senduserinfo
2020/04/21 20:37:16.409 [C] [panic.go:967]  Handler crashed with error runtime error: invalid memory address or nil pointer dereference
2020/04/21 20:37:16.409 [C] [panic.go:967]  c:/go/src/runtime/panic.go:967
2020/04/21 20:37:16.411 [C] [panic.go:967]  c:/go/src/runtime/panic.go:212
2020/04/21 20:37:16.411 [C] [panic.go:967]  c:/go/src/runtime/signal_windows.go:246
2020/04/21 20:37:16.411 [C] [panic.go:967]  C:/Users/杨杰/Desktop/yanglt/golang/src/tpl_api/utils/token.go:40
2020/04/21 20:37:16.412 [C] [panic.go:967]  C:/Users/杨杰/Desktop/yanglt/golang/src/tpl_api/utils/token.go:45
2020/04/21 20:37:16.412 [C] [panic.go:967]  C:/Users/杨杰/Desktop/yanglt/golang/src/tpl_api/controllers/sendUserInfo.go:33
2020/04/21 20:37:16.413 [C] [panic.go:967]  C:/Users/杨杰/Desktop/yanglt/golang/src/github.com/astaxie/beego/router.go:835
2020/04/21 20:37:16.413 [C] [panic.go:967]  c:/go/src/net/http/server.go:2807
2020/04/21 20:37:16.413 [C] [panic.go:967]  c:/go/src/net/http/server.go:1895
2020/04/21 20:37:16.414 [C] [panic.go:967]  c:/go/src/runtime/asm_amd64.s:1373
2020/04/21 20:37:16.414 [server.go:3059]  [HTTP] http: superfluous response.WriteHeader call from github.com/astaxie/beego/context.(*Response).WriteHeader (context.go:230)
2020/04/21 20:37:16.984 [I] [router.go:835]  sendUserInfo/token:  
2020/04/21 20:37:16.986 [C] [panic.go:967]  the request url is  /senduserinfo
2020/04/21 20:37:16.986 [C] [panic.go:967]  Handler crashed with error runtime error: invalid memory address or nil pointer dereference
2020/04/21 20:37:16.987 [C] [panic.go:967]  c:/go/src/runtime/panic.go:967
2020/04/21 20:37:16.987 [C] [panic.go:967]  c:/go/src/runtime/panic.go:212
2020/04/21 20:37:16.988 [C] [panic.go:967]  c:/go/src/runtime/signal_windows.go:246
2020/04/21 20:37:16.988 [C] [panic.go:967]  C:/Users/杨杰/Desktop/yanglt/golang/src/tpl_api/utils/token.go:40
2020/04/21 20:37:16.989 [C] [panic.go:967]  C:/Users/杨杰/Desktop/yanglt/golang/src/tpl_api/utils/token.go:45
2020/04/21 20:37:16.989 [C] [panic.go:967]  C:/Users/杨杰/Desktop/yanglt/golang/src/tpl_api/controllers/sendUserInfo.go:33
2020/04/21 20:37:16.989 [C] [panic.go:967]  C:/Users/杨杰/Desktop/yanglt/golang/src/github.com/astaxie/beego/router.go:835
2020/04/21 20:37:16.990 [C] [panic.go:967]  c:/go/src/net/http/server.go:2807
2020/04/21 20:37:16.990 [C] [panic.go:967]  c:/go/src/net/http/server.go:1895
2020/04/21 20:37:16.990 [C] [panic.go:967]  c:/go/src/runtime/asm_amd64.s:1373
2020/04/21 20:37:16.990 [server.go:3059]  [HTTP] http: superfluous response.WriteHeader call from github.com/astaxie/beego/context.(*Response).WriteHeader (context.go:230)
2020/04/21 20:37:21.205 [I] [router.go:835]  sendUserInfo/token:  
2020/04/21 20:37:21.207 [C] [panic.go:967]  the request url is  /senduserinfo
2020/04/21 20:37:21.208 [C] [panic.go:967]  Handler crashed with error runtime error: invalid memory address or nil pointer dereference
2020/04/21 20:37:21.208 [C] [panic.go:967]  c:/go/src/runtime/panic.go:967
2020/04/21 20:37:21.208 [C] [panic.go:967]  c:/go/src/runtime/panic.go:212
2020/04/21 20:37:21.209 [C] [panic.go:967]  c:/go/src/runtime/signal_windows.go:246
2020/04/21 20:37:21.209 [C] [panic.go:967]  C:/Users/杨杰/Desktop/yanglt/golang/src/tpl_api/utils/token.go:40
2020/04/21 20:37:21.209 [C] [panic.go:967]  C:/Users/杨杰/Desktop/yanglt/golang/src/tpl_api/utils/token.go:45
2020/04/21 20:37:21.210 [C] [panic.go:967]  C:/Users/杨杰/Desktop/yanglt/golang/src/tpl_api/controllers/sendUserInfo.go:33
2020/04/21 20:37:21.210 [C] [panic.go:967]  C:/Users/杨杰/Desktop/yanglt/golang/src/github.com/astaxie/beego/router.go:835
2020/04/21 20:37:21.210 [C] [panic.go:967]  c:/go/src/net/http/server.go:2807
2020/04/21 20:37:21.211 [C] [panic.go:967]  c:/go/src/net/http/server.go:1895
2020/04/21 20:37:21.211 [C] [panic.go:967]  c:/go/src/runtime/asm_amd64.s:1373
2020/04/21 20:37:21.211 [server.go:3059]  [HTTP] http: superfluous response.WriteHeader call from github.com/astaxie/beego/context.(*Response).WriteHeader (context.go:230)
2020/04/21 20:38:01.186 [I] [router.go:835]  auth/token:  
2020/04/21 20:38:01.187 [C] [panic.go:967]  the request url is  /auth
2020/04/21 20:38:01.187 [C] [panic.go:967]  Handler crashed with error runtime error: invalid memory address or nil pointer dereference
2020/04/21 20:38:01.188 [C] [panic.go:967]  c:/go/src/runtime/panic.go:967
2020/04/21 20:38:01.189 [C] [panic.go:967]  c:/go/src/runtime/panic.go:212
2020/04/21 20:38:01.190 [C] [panic.go:967]  c:/go/src/runtime/signal_windows.go:246
2020/04/21 20:38:01.191 [C] [panic.go:967]  C:/Users/杨杰/Desktop/yanglt/golang/src/tpl_api/utils/token.go:40
2020/04/21 20:38:01.192 [C] [panic.go:967]  C:/Users/杨杰/Desktop/yanglt/golang/src/tpl_api/utils/token.go:45
2020/04/21 20:38:01.193 [C] [panic.go:967]  C:/Users/杨杰/Desktop/yanglt/golang/src/tpl_api/controllers/auth.go:24
2020/04/21 20:38:01.194 [C] [panic.go:967]  C:/Users/杨杰/Desktop/yanglt/golang/src/github.com/astaxie/beego/router.go:835
2020/04/21 20:38:01.194 [C] [panic.go:967]  c:/go/src/net/http/server.go:2807
2020/04/21 20:38:01.194 [C] [panic.go:967]  c:/go/src/net/http/server.go:1895
2020/04/21 20:38:01.195 [C] [panic.go:967]  c:/go/src/runtime/asm_amd64.s:1373
2020/04/21 20:38:01.196 [server.go:3059]  [HTTP] http: superfluous response.WriteHeader call from github.com/astaxie/beego/context.(*Response).WriteHeader (context.go:230)
2020/04/21 20:38:10.103 [I] [router.go:835]  auth/token:  eyJhbGciOiJIUzI1NiIsInR5cCI6IkpXVCJ9.eyJleHAiOjE1ODc3Mjg5OTIsIm9wZW5pZCI6Im9QRktxNWU4MjMzZ1hqUmpkTDRPZFBDZlI5OXMifQ.56hSML25njbMJPuBgPZkqD7652oTeHjZ_sgVTbzqbIo
2020/04/21 20:38:10.104 [I] [router.go:835]  auth/openid:  oPFKq5e8233gXjRjdL4OdPCfR99s
2020/04/21 20:38:10.106 [I] [auth.go:28]  QueryUserId:  select id from users where openid="oPFKq5e8233gXjRjdL4OdPCfR99s"
2020/04/21 20:38:10.113 [I] [router.go:835]  auth/errCode&errMsg:  0 auth请求成功
2020/04/21 20:38:10.114 [D] [server.go:2807]  |            ::1|[42m 200 [0m|    10.9682ms|   match|[46m POST    [0m /auth   r:/auth
2020/04/21 20:40:32.463 [I] [asm_amd64.s:1373]  http server Running on http://:8080
2020/04/21 20:40:34.668 [I] [router.go:839]  auth/token:  eyJhbGciOiJIUzI1NiIsInR5cCI6IkpXVCJ9.eyJleHAiOjE1ODc3Mjg5OTIsIm9wZW5pZCI6Im9QRktxNWU4MjMzZ1hqUmpkTDRPZFBDZlI5OXMifQ.56hSML25njbMJPuBgPZkqD7652oTeHjZ_sgVTbzqbIo
2020/04/21 20:40:34.670 [I] [router.go:839]  auth/openid:  oPFKq5e8233gXjRjdL4OdPCfR99s
2020/04/21 20:40:34.679 [I] [auth.go:28]  QueryUserId:  select id from users where openid="oPFKq5e8233gXjRjdL4OdPCfR99s"
2020/04/21 20:40:34.686 [I] [router.go:839]  auth/errCode&errMsg:  0 auth请求成功
2020/04/21 20:40:34.687 [D] [server.go:2807]  |            ::1|[42m 200 [0m|    19.9514ms|   match|[43m PUT     [0m /auth   r:/auth
2020/04/21 20:42:32.213 [I] [asm_amd64.s:1373]  http server Running on http://:8080
2020/04/21 20:42:43.345 [I] [router.go:839]  auth/token:  
2020/04/21 20:42:43.347 [C] [panic.go:967]  the request url is  /auth
2020/04/21 20:42:43.348 [C] [panic.go:967]  Handler crashed with error runtime error: invalid memory address or nil pointer dereference
2020/04/21 20:42:43.349 [C] [panic.go:967]  c:/go/src/runtime/panic.go:967
2020/04/21 20:42:43.350 [C] [panic.go:967]  c:/go/src/runtime/panic.go:212
2020/04/21 20:42:43.350 [C] [panic.go:967]  c:/go/src/runtime/signal_windows.go:246
2020/04/21 20:42:43.351 [C] [panic.go:967]  C:/Users/杨杰/Desktop/yanglt/golang/src/tpl_api/utils/token.go:40
2020/04/21 20:42:43.352 [C] [panic.go:967]  C:/Users/杨杰/Desktop/yanglt/golang/src/tpl_api/utils/token.go:45
2020/04/21 20:42:43.352 [C] [panic.go:967]  C:/Users/杨杰/Desktop/yanglt/golang/src/tpl_api/controllers/auth.go:24
2020/04/21 20:42:43.352 [C] [panic.go:967]  C:/Users/杨杰/Desktop/yanglt/golang/src/github.com/astaxie/beego/router.go:839
2020/04/21 20:42:43.353 [C] [panic.go:967]  c:/go/src/net/http/server.go:2807
2020/04/21 20:42:43.353 [C] [panic.go:967]  c:/go/src/net/http/server.go:1895
2020/04/21 20:42:43.354 [C] [panic.go:967]  c:/go/src/runtime/asm_amd64.s:1373
2020/04/21 20:42:43.354 [server.go:3059]  [HTTP] http: superfluous response.WriteHeader call from github.com/astaxie/beego/context.(*Response).WriteHeader (context.go:230)
2020/04/21 20:43:47.530 [I] [asm_amd64.s:1373]  http server Running on http://:8080
2020/04/21 20:43:47.696 [I] [router.go:839]  auth/token:  
2020/04/21 20:43:47.697 [C] [panic.go:967]  the request url is  /auth
2020/04/21 20:43:47.698 [C] [panic.go:967]  Handler crashed with error runtime error: invalid memory address or nil pointer dereference
2020/04/21 20:43:47.699 [C] [panic.go:967]  c:/go/src/runtime/panic.go:967
2020/04/21 20:43:47.699 [C] [panic.go:967]  c:/go/src/runtime/panic.go:212
2020/04/21 20:43:47.703 [C] [panic.go:967]  c:/go/src/runtime/signal_windows.go:246
2020/04/21 20:43:47.705 [C] [panic.go:967]  C:/Users/杨杰/Desktop/yanglt/golang/src/tpl_api/utils/token.go:40
2020/04/21 20:43:47.707 [C] [panic.go:967]  C:/Users/杨杰/Desktop/yanglt/golang/src/tpl_api/utils/token.go:45
2020/04/21 20:43:47.710 [C] [panic.go:967]  C:/Users/杨杰/Desktop/yanglt/golang/src/tpl_api/controllers/auth.go:24
2020/04/21 20:43:47.712 [C] [panic.go:967]  C:/Users/杨杰/Desktop/yanglt/golang/src/github.com/astaxie/beego/router.go:839
2020/04/21 20:43:47.714 [C] [panic.go:967]  c:/go/src/net/http/server.go:2807
2020/04/21 20:43:47.717 [C] [panic.go:967]  c:/go/src/net/http/server.go:1895
2020/04/21 20:43:47.720 [C] [panic.go:967]  c:/go/src/runtime/asm_amd64.s:1373
2020/04/21 20:43:47.723 [server.go:3059]  [HTTP] http: superfluous response.WriteHeader call from github.com/astaxie/beego/context.(*Response).WriteHeader (context.go:230)
2020/04/21 20:49:03.589 [I] [asm_amd64.s:1373]  http server Running on http://:8080
2020/04/21 20:49:38.647 [I] [router.go:835]  code:  033RhV8M1K0c4a1L2M8M1nZ79M1RhV8E
2020/04/21 20:49:39.050 [E] [router.go:835]  invalid code, hints: [ req_id: yJkBA5yFe-7MTZTA ]
2020/04/21 20:49:39.051 [E] [router.go:835]  40029
2020/04/21 20:49:39.055 [D] [server.go:2807]  |            ::1|[42m 200 [0m|   408.0076ms|   match|[46m POST    [0m /login   r:/login
2020/04/21 20:50:39.943 [I] [router.go:835]  code:  043c7cbN0Ob1L92tK3cN03VwbN0c7cbW
2020/04/21 20:50:40.196 [I] [router.go:835]  openid:  oPFKq5e8233gXjRjdL4OdPCfR99s
2020/04/21 20:50:40.197 [I] [router.go:835]  session_key:  4U3BnLqDzODwtZ65yTU5Sg==
2020/04/21 20:50:40.199 [I] [router.go:835]  token:  eyJleHAiOjE1ODc3MzI2NDAsIm9wZW5pZCI6Im9QRktxNWU4MjMzZ1hqUmpkTDRPZFBDZlI5OXMifQ.s-yZZ5kzRdz1ChTZLN8F-2qxnc4luSlNA7mrrVhJH4
2020/04/21 20:50:40.203 [I] [login.go:50]  QueryUserId:  select id from users where openid="oPFKq5e8233gXjRjdL4OdPCfR99s"
2020/04/21 20:50:40.216 [I] [router.go:835]  queryId:  4
2020/04/21 20:50:40.227 [I] [login.go:53]  UpdateUser:  update users set token="eyJleHAiOjE1ODc3MzI2NDAsIm9wZW5pZCI6Im9QRktxNWU4MjMzZ1hqUmpkTDRPZFBDZlI5OXMifQ.s-yZZ5kzRdz1ChTZLN8F-2qxnc4luSlNA7mrrVhJH4",session_key="4U3BnLqDzODwtZ65yTU5Sg==" where openid="oPFKq5e8233gXjRjdL4OdPCfR99s"
2020/04/21 20:50:40.268 [I] [router.go:835]  更新token和session_key成功, id =  1
2020/04/21 20:50:40.278 [D] [server.go:2807]  |            ::1|[42m 200 [0m|    336.557ms|   match|[46m POST    [0m /login   r:/login
2020/04/21 20:51:02.924 [I] [router.go:835]  code:  043c7cbN0Ob1L92tK3cN03VwbN0c7cbW
2020/04/21 20:51:03.382 [E] [router.go:835]  code been used, hints: [ req_id: zJkB67aLRa-q9pnPa ]
2020/04/21 20:51:03.384 [E] [router.go:835]  40163
2020/04/21 20:51:03.389 [D] [server.go:2807]  |            ::1|[42m 200 [0m|   464.7542ms|   match|[46m POST    [0m /login   r:/login
2020/04/21 20:52:34.741 [I] [asm_amd64.s:1373]  http server Running on http://:8080
2020/04/21 20:52:38.750 [I] [router.go:839]  auth/token:  
2020/04/21 20:52:38.751 [C] [panic.go:967]  the request url is  /auth
2020/04/21 20:52:38.751 [C] [panic.go:967]  Handler crashed with error runtime error: invalid memory address or nil pointer dereference
2020/04/21 20:52:38.752 [C] [panic.go:967]  c:/go/src/runtime/panic.go:967
2020/04/21 20:52:38.752 [C] [panic.go:967]  c:/go/src/runtime/panic.go:212
2020/04/21 20:52:38.752 [C] [panic.go:967]  c:/go/src/runtime/signal_windows.go:246
2020/04/21 20:52:38.753 [C] [panic.go:967]  C:/Users/杨杰/Desktop/yanglt/golang/src/tpl_api/utils/token.go:40
2020/04/21 20:52:38.753 [C] [panic.go:967]  C:/Users/杨杰/Desktop/yanglt/golang/src/tpl_api/utils/token.go:45
2020/04/21 20:52:38.753 [C] [panic.go:967]  C:/Users/杨杰/Desktop/yanglt/golang/src/tpl_api/controllers/auth.go:24
2020/04/21 20:52:38.754 [C] [panic.go:967]  C:/Users/杨杰/Desktop/yanglt/golang/src/github.com/astaxie/beego/router.go:839
2020/04/21 20:52:38.754 [C] [panic.go:967]  c:/go/src/net/http/server.go:2807
2020/04/21 20:52:38.754 [C] [panic.go:967]  c:/go/src/net/http/server.go:1895
2020/04/21 20:52:38.754 [C] [panic.go:967]  c:/go/src/runtime/asm_amd64.s:1373
2020/04/21 20:52:38.755 [server.go:3059]  [HTTP] http: superfluous response.WriteHeader call from github.com/astaxie/beego/context.(*Response).WriteHeader (context.go:230)
2020/04/21 20:53:04.324 [D] [server.go:2807]  |            ::1|[43m 405 [0m|           0s|   match|[46m POST    [0m /auth   r:/auth
2020/04/21 20:53:10.645 [I] [router.go:839]  auth/token:  eyJleHAiOjE1ODc3MzI2NDAsIm9wZW5pZCI6Im9QRktxNWU4MjMzZ1hqUmpkTDRPZFBDZlI5OXMifQ.s-yZZ5kzRdz1ChTZLN8F-2qxnc4luSlNA7mrrVhJH4
2020/04/21 20:53:10.647 [C] [panic.go:967]  the request url is  /auth
2020/04/21 20:53:10.648 [C] [panic.go:967]  Handler crashed with error runtime error: invalid memory address or nil pointer dereference
2020/04/21 20:53:10.655 [C] [panic.go:967]  c:/go/src/runtime/panic.go:967
2020/04/21 20:53:10.656 [C] [panic.go:967]  c:/go/src/runtime/panic.go:212
2020/04/21 20:53:10.656 [C] [panic.go:967]  c:/go/src/runtime/signal_windows.go:246
2020/04/21 20:53:10.657 [C] [panic.go:967]  C:/Users/杨杰/Desktop/yanglt/golang/src/tpl_api/utils/token.go:40
2020/04/21 20:53:10.658 [C] [panic.go:967]  C:/Users/杨杰/Desktop/yanglt/golang/src/tpl_api/utils/token.go:45
2020/04/21 20:53:10.658 [C] [panic.go:967]  C:/Users/杨杰/Desktop/yanglt/golang/src/tpl_api/controllers/auth.go:24
2020/04/21 20:53:10.659 [C] [panic.go:967]  C:/Users/杨杰/Desktop/yanglt/golang/src/github.com/astaxie/beego/router.go:839
2020/04/21 20:53:10.659 [C] [panic.go:967]  c:/go/src/net/http/server.go:2807
2020/04/21 20:53:10.659 [C] [panic.go:967]  c:/go/src/net/http/server.go:1895
2020/04/21 20:53:10.660 [C] [panic.go:967]  c:/go/src/runtime/asm_amd64.s:1373
2020/04/21 20:53:10.661 [server.go:3059]  [HTTP] http: superfluous response.WriteHeader call from github.com/astaxie/beego/context.(*Response).WriteHeader (context.go:230)
2020/04/21 20:54:42.171 [I] [asm_amd64.s:1373]  http server Running on http://:8080
2020/04/21 20:55:06.954 [I] [asm_amd64.s:1373]  http server Running on http://:8080
2020/04/21 20:55:16.223 [I] [router.go:839]  auth/token:  
2020/04/21 20:55:16.223 [C] [panic.go:967]  the request url is  /auth
2020/04/21 20:55:16.224 [C] [panic.go:967]  Handler crashed with error runtime error: invalid memory address or nil pointer dereference
2020/04/21 20:55:16.224 [C] [panic.go:967]  c:/go/src/runtime/panic.go:967
2020/04/21 20:55:16.225 [C] [panic.go:967]  c:/go/src/runtime/panic.go:212
2020/04/21 20:55:16.225 [C] [panic.go:967]  c:/go/src/runtime/signal_windows.go:246
2020/04/21 20:55:16.226 [C] [panic.go:967]  C:/Users/杨杰/Desktop/yanglt/golang/src/tpl_api/utils/token.go:40
2020/04/21 20:55:16.226 [C] [panic.go:967]  C:/Users/杨杰/Desktop/yanglt/golang/src/tpl_api/utils/token.go:45
2020/04/21 20:55:16.226 [C] [panic.go:967]  C:/Users/杨杰/Desktop/yanglt/golang/src/tpl_api/controllers/auth.go:24
2020/04/21 20:55:16.227 [C] [panic.go:967]  C:/Users/杨杰/Desktop/yanglt/golang/src/github.com/astaxie/beego/router.go:839
2020/04/21 20:55:16.227 [C] [panic.go:967]  c:/go/src/net/http/server.go:2807
2020/04/21 20:55:16.227 [C] [panic.go:967]  c:/go/src/net/http/server.go:1895
2020/04/21 20:55:16.228 [C] [panic.go:967]  c:/go/src/runtime/asm_amd64.s:1373
2020/04/21 20:55:16.228 [server.go:3059]  [HTTP] http: superfluous response.WriteHeader call from github.com/astaxie/beego/context.(*Response).WriteHeader (context.go:230)
2020/04/21 20:59:06.269 [I] [asm_amd64.s:1373]  http server Running on http://:8080
2020/04/21 20:59:14.834 [I] [asm_amd64.s:1373]  http server Running on http://:8080
2020/04/21 20:59:46.878 [I] [router.go:835]  auth/token:  eyJhbGciOiJIUzI1NiIsInR5cCI6IkpXVCJ9.eyJleHAiOjE1ODc3Mjg5OTIsIm9wZW5pZCI6Im9QRktxNWU4MjMzZ1hqUmpkTDRPZFBDZlI5OXMifQ.56hSML25njbMJPuBgPZkqD7652oTeHjZ_sgVTbzqbIo
2020/04/21 20:59:46.880 [I] [router.go:835]  auth/openid:  oPFKq5e8233gXjRjdL4OdPCfR99s
2020/04/21 20:59:46.881 [I] [auth.go:28]  QueryUserId:  select id from users where openid="oPFKq5e8233gXjRjdL4OdPCfR99s"
2020/04/21 20:59:46.889 [I] [router.go:835]  auth/errCode&errMsg:  0 auth请求成功
2020/04/21 20:59:46.890 [D] [server.go:2807]  |            ::1|[42m 200 [0m|     12.059ms|   match|[46m POST    [0m /auth   r:/auth
2020/04/21 21:00:02.709 [I] [asm_amd64.s:1373]  http server Running on http://:8080
2020/04/21 21:00:13.486 [I] [router.go:835]  sendUserInfo/token:  
2020/04/21 21:00:13.487 [C] [panic.go:967]  the request url is  /senduserinfo
2020/04/21 21:00:13.488 [C] [panic.go:967]  Handler crashed with error runtime error: invalid memory address or nil pointer dereference
2020/04/21 21:00:13.489 [C] [panic.go:967]  c:/go/src/runtime/panic.go:967
2020/04/21 21:00:13.489 [C] [panic.go:967]  c:/go/src/runtime/panic.go:212
2020/04/21 21:00:13.489 [C] [panic.go:967]  c:/go/src/runtime/signal_windows.go:246
2020/04/21 21:00:13.490 [C] [panic.go:967]  C:/Users/杨杰/Desktop/yanglt/golang/src/tpl_api/utils/token.go:40
2020/04/21 21:00:13.490 [C] [panic.go:967]  C:/Users/杨杰/Desktop/yanglt/golang/src/tpl_api/utils/token.go:45
2020/04/21 21:00:13.490 [C] [panic.go:967]  C:/Users/杨杰/Desktop/yanglt/golang/src/tpl_api/controllers/sendUserInfo.go:33
2020/04/21 21:00:13.491 [C] [panic.go:967]  C:/Users/杨杰/Desktop/yanglt/golang/src/github.com/astaxie/beego/router.go:835
2020/04/21 21:00:13.491 [C] [panic.go:967]  c:/go/src/net/http/server.go:2807
2020/04/21 21:00:13.491 [C] [panic.go:967]  c:/go/src/net/http/server.go:1895
2020/04/21 21:00:13.492 [C] [panic.go:967]  c:/go/src/runtime/asm_amd64.s:1373
2020/04/21 21:00:13.492 [server.go:3059]  [HTTP] http: superfluous response.WriteHeader call from github.com/astaxie/beego/context.(*Response).WriteHeader (context.go:230)
2020/04/21 21:00:32.052 [I] [asm_amd64.s:1373]  http server Running on http://:8080
2020/04/21 21:00:59.113 [I] [asm_amd64.s:1373]  http server Running on http://:8080
2020/04/21 21:01:09.480 [I] [router.go:835]  sendUserInfo/token:  
2020/04/21 21:01:09.482 [C] [panic.go:967]  the request url is  /senduserinfo
2020/04/21 21:01:09.484 [C] [panic.go:967]  Handler crashed with error runtime error: invalid memory address or nil pointer dereference
2020/04/21 21:01:09.485 [C] [panic.go:967]  c:/go/src/runtime/panic.go:967
2020/04/21 21:01:09.489 [C] [panic.go:967]  c:/go/src/runtime/panic.go:212
2020/04/21 21:01:09.489 [C] [panic.go:967]  c:/go/src/runtime/signal_windows.go:246
2020/04/21 21:01:09.491 [C] [panic.go:967]  C:/Users/杨杰/Desktop/yanglt/golang/src/tpl_api/utils/token.go:40
2020/04/21 21:01:09.492 [C] [panic.go:967]  C:/Users/杨杰/Desktop/yanglt/golang/src/tpl_api/utils/token.go:45
2020/04/21 21:01:09.493 [C] [panic.go:967]  C:/Users/杨杰/Desktop/yanglt/golang/src/tpl_api/controllers/sendUserInfo.go:33
2020/04/21 21:01:09.494 [C] [panic.go:967]  C:/Users/杨杰/Desktop/yanglt/golang/src/github.com/astaxie/beego/router.go:835
2020/04/21 21:01:09.509 [C] [panic.go:967]  c:/go/src/net/http/server.go:2807
2020/04/21 21:01:09.510 [C] [panic.go:967]  c:/go/src/net/http/server.go:1895
2020/04/21 21:01:09.511 [C] [panic.go:967]  c:/go/src/runtime/asm_amd64.s:1373
2020/04/21 21:01:09.525 [server.go:3059]  [HTTP] http: superfluous response.WriteHeader call from github.com/astaxie/beego/context.(*Response).WriteHeader (context.go:230)
2020/04/21 21:03:57.109 [I] [asm_amd64.s:1373]  http server Running on http://:8080
2020/04/21 21:03:57.282 [I] [router.go:835]  auth/errCode&errMsg:  0 auth请求成功
2020/04/21 21:03:57.284 [D] [server.go:2807]  |            ::1|[42m 200 [0m|     1.9942ms|   match|[46m POST    [0m /auth   r:/auth
2020/04/21 21:04:25.748 [I] [asm_amd64.s:1373]  http server Running on http://:8080
2020/04/21 21:14:01.237 [I] [asm_amd64.s:1373]  http server Running on http://:8080
2020/04/21 21:14:07.314 [I] [asm_amd64.s:1373]  http server Running on http://:8080
2020/04/21 21:14:11.260 [I] [router.go:835]  auth/token:  eyJhbGciOiJIUzI1NiIsInR5cCI6IkpXVCJ9.eyJleHAiOjE1ODc3Mjg5OTIsIm9wZW5pZCI6Im9QRktxNWU4MjMzZ1hqUmpkTDRPZFBDZlI5OXMifQ.56hSML25njbMJPuBgPZkqD7652oTeHjZ_sgVTbzqbIo
2020/04/21 21:14:11.262 [I] [router.go:835]  auth/openid:  oPFKq5e8233gXjRjdL4OdPCfR99s
2020/04/21 21:14:11.262 [I] [auth.go:28]  QueryUserId:  select id from users where openid="oPFKq5e8233gXjRjdL4OdPCfR99s"
2020/04/21 21:14:11.268 [I] [router.go:835]  auth/errCode&errMsg:  0 auth请求成功
2020/04/21 21:14:11.269 [D] [server.go:2807]  |            ::1|[42m 200 [0m|      8.976ms|   match|[46m POST    [0m /auth   r:/auth
2020/04/21 21:15:59.558 [I] [asm_amd64.s:1373]  http server Running on http://:8080
2020/04/21 21:16:12.566 [I] [asm_amd64.s:1373]  http server Running on http://:8080
2020/04/21 21:16:17.153 [I] [router.go:835]  sendUserInfo/token:  eyJhbGciOiJIUzI1NiIsInR5cCI6IkpXVCJ9.eyJleHAiOjE1ODc3Mjg5OTIsIm9wZW5pZCI6Im9QRktxNWU4MjMzZ1hqUmpkTDRPZFBDZlI5OXMifQ.56hSML25njbMJPuBgPZkqD7652oTeHjZ_sgVTbzqbIo
2020/04/21 21:16:17.154 [I] [router.go:835]  sendUserInfo/openid:  oPFKq5e8233gXjRjdL4OdPCfR99s
2020/04/21 21:16:17.155 [I] [sendUserInfo.go:36]  UpdateUser2:  update users set user_name="Y_momo",identity="学生",user_id="16327114",email="yanglt7@163.com" where openid="oPFKq5e8233gXjRjdL4OdPCfR99s"
2020/04/21 21:16:17.170 [I] [router.go:835]  更新user_name, identity, user_id, email成功, id =  1
2020/04/21 21:16:17.171 [I] [router.go:835]  sendUserInfo:  {Y_momo 学生 16327114 yanglt7@163.com oPFKq5e8233gXjRjdL4OdPCfR99s}
2020/04/21 21:16:17.172 [D] [server.go:2807]  |            ::1|[42m 200 [0m|    20.6636ms|   match|[46m POST    [0m /senduserinfo   r:/senduserinfo
2020/04/21 21:16:38.623 [I] [asm_amd64.s:1373]  http server Running on http://:8080
2020/04/21 21:17:03.484 [I] [asm_amd64.s:1373]  http server Running on http://:8080
2020/04/21 21:19:01.638 [I] [asm_amd64.s:1373]  http server Running on http://:8080
2020/04/21 21:19:16.291 [I] [asm_amd64.s:1373]  http server Running on http://:8080
2020/04/21 21:19:19.304 [I] [asm_amd64.s:1373]  http server Running on http://:8080
2020/04/21 21:19:38.338 [I] [asm_amd64.s:1373]  http server Running on http://:8080
2020/04/21 21:20:20.113 [I] [asm_amd64.s:1373]  http server Running on http://:8080
2020/04/21 21:20:27.904 [I] [asm_amd64.s:1373]  http server Running on http://:8080
2020/04/21 21:20:51.673 [I] [asm_amd64.s:1373]  http server Running on http://:8080
2020/04/21 21:21:02.934 [I] [asm_amd64.s:1373]  http server Running on http://:8080
2020/04/21 21:21:18.607 [I] [asm_amd64.s:1373]  http server Running on http://:8080
2020/04/21 21:21:30.353 [I] [asm_amd64.s:1373]  http server Running on http://:8080
2020/04/21 21:21:32.130 [I] [asm_amd64.s:1373]  http server Running on http://:8080
2020/04/21 21:23:05.207 [I] [asm_amd64.s:1373]  http server Running on http://:8080
2020/04/21 21:23:15.189 [I] [asm_amd64.s:1373]  http server Running on http://:8080
2020/04/21 21:23:32.652 [I] [asm_amd64.s:1373]  http server Running on http://:8080
2020/04/21 21:23:44.285 [I] [asm_amd64.s:1373]  http server Running on http://:8080
2020/04/21 21:23:51.544 [I] [asm_amd64.s:1373]  http server Running on http://:8080
2020/04/21 21:23:56.495 [I] [asm_amd64.s:1373]  http server Running on http://:8080
2020/04/21 21:23:56.499 [C] [asm_amd64.s:1373]  ListenAndServe:  listen tcp :8080: bind: Only one usage of each socket address (protocol/network address/port) is normally permitted.
2020/04/21 21:24:10.633 [I] [asm_amd64.s:1373]  http server Running on http://:8080
2020/04/21 21:24:14.917 [I] [asm_amd64.s:1373]  http server Running on http://:8080
2020/04/21 21:24:14.922 [C] [asm_amd64.s:1373]  ListenAndServe:  listen tcp :8080: bind: Only one usage of each socket address (protocol/network address/port) is normally permitted.
2020/04/21 21:24:23.416 [I] [asm_amd64.s:1373]  http server Running on http://:8080
2020/04/21 21:24:28.049 [I] [asm_amd64.s:1373]  http server Running on http://:8080
2020/04/21 21:24:33.316 [I] [asm_amd64.s:1373]  http server Running on http://:8080
2020/04/21 21:24:39.459 [I] [asm_amd64.s:1373]  http server Running on http://:8080
2020/04/21 21:24:41.141 [I] [asm_amd64.s:1373]  http server Running on http://:8080
2020/04/21 21:24:45.429 [I] [asm_amd64.s:1373]  http server Running on http://:8080
2020/04/21 21:24:57.652 [I] [router.go:835]  apply/token:  eyJhbGciOiJIUzI1NiIsInR5cCI6IkpXVCJ9.eyJleHAiOjE1ODc3Mjg5OTIsIm9wZW5pZCI6Im9QRktxNWU4MjMzZ1hqUmpkTDRPZFBDZlI5OXMifQ.56hSML25njbMJPuBgPZkqD7652oTeHjZ_sgVTbzqbIo
2020/04/21 21:24:57.655 [I] [router.go:835]  apply/openid:  oPFKq5e8233gXjRjdL4OdPCfR99s
2020/04/21 21:24:57.656 [I] [router.go:835]  apply:  {oPFKq5e8233gXjRjdL4OdPCfR99s 6040500014525 yanglt 16327114 丰盛堂C座3楼301 2020-04-21 教学 211609 8008-60-4 分析纯 100ML 100}
2020/04/21 21:24:57.681 [I] [router.go:835]  将apply存入数据库中成功, id =  1
2020/04/21 21:24:57.681 [I] [router.go:835]  apply/errCode&errMsg:  0 apply请求成功
2020/04/21 21:24:57.682 [D] [server.go:2807]  |            ::1|[42m 200 [0m|    31.5449ms|   match|[46m POST    [0m /apply   r:/apply
2020/04/21 21:25:23.593 [I] [asm_amd64.s:1373]  http server Running on http://:8080
2020/04/21 21:25:46.220 [I] [asm_amd64.s:1373]  http server Running on http://:8080
2020/04/21 21:27:35.663 [I] [asm_amd64.s:1373]  http server Running on http://:8080
2020/04/21 21:28:00.555 [I] [asm_amd64.s:1373]  http server Running on http://:8080
2020/04/21 21:28:43.168 [I] [asm_amd64.s:1373]  http server Running on http://:8080
2020/04/21 21:28:57.635 [I] [router.go:835]  input/token:  eyJhbGciOiJIUzI1NiIsInR5cCI6IkpXVCJ9.eyJleHAiOjE1ODc3Mjg5OTIsIm9wZW5pZCI6Im9QRktxNWU4MjMzZ1hqUmpkTDRPZFBDZlI5OXMifQ.56hSML25njbMJPuBgPZkqD7652oTeHjZ_sgVTbzqbIo
2020/04/21 21:28:57.637 [I] [router.go:835]  input/openid:  oPFKq5e8233gXjRjdL4OdPCfR99s
2020/04/21 21:28:57.637 [I] [router.go:835]  input:  {oPFKq5e8233gXjRjdL4OdPCfR99s 431870009056 yanglt 16327114 丰盛堂C座3楼301 教学 211609 8008-60-4 分析纯 100ML 100 hope hope 84115662}
2020/04/21 21:28:57.645 [I] [router.go:835]  将input存入数据库中成功, id =  1
2020/04/21 21:28:57.646 [I] [router.go:835]  input/errCode&errMsg:  0 input请求成功
2020/04/21 21:28:57.647 [D] [server.go:2807]  |            ::1|[42m 200 [0m|    11.9573ms|   match|[46m POST    [0m /input   r:/input
2020/04/21 21:29:22.194 [I] [asm_amd64.s:1373]  http server Running on http://:8080
2020/04/21 21:30:02.127 [I] [asm_amd64.s:1373]  http server Running on http://:8080
2020/04/21 21:30:55.047 [I] [asm_amd64.s:1373]  http server Running on http://:8080
2020/04/21 21:30:57.834 [I] [router.go:835]  note/token:  eyJhbGciOiJIUzI1NiIsInR5cCI6IkpXVCJ9.eyJleHAiOjE1ODc3Mjg5OTIsIm9wZW5pZCI6Im9QRktxNWU4MjMzZ1hqUmpkTDRPZFBDZlI5OXMifQ.56hSML25njbMJPuBgPZkqD7652oTeHjZ_sgVTbzqbIo
2020/04/21 21:30:57.837 [I] [router.go:835]  note/openid:  oPFKq5e8233gXjRjdL4OdPCfR99s
2020/04/21 21:30:57.838 [I] [router.go:835]  note:  {oPFKq5e8233gXjRjdL4OdPCfR99s 6040500014526 8008-60-4 }
2020/04/21 21:30:57.840 [I] [note.go:37]  UpdateNote:  update apply set note="" where order_id="6040500014526" and openid="oPFKq5e8233gXjRjdL4OdPCfR99s"
2020/04/21 21:30:57.871 [I] [router.go:835]  更新note成功, id =  1
2020/04/21 21:30:57.873 [I] [router.go:835]  note/errCode&errMsg:  0 note请求成功
2020/04/21 21:30:57.875 [D] [server.go:2807]  |            ::1|[42m 200 [0m|    40.7516ms|   match|[46m POST    [0m /note   r:/note
2020/04/21 21:31:31.517 [I] [asm_amd64.s:1373]  http server Running on http://:8080
2020/04/21 21:31:43.886 [I] [asm_amd64.s:1373]  http server Running on http://:8080
2020/04/21 21:32:05.905 [I] [asm_amd64.s:1373]  http server Running on http://:8080
2020/04/21 21:32:57.492 [I] [asm_amd64.s:1373]  http server Running on http://:8080
2020/04/21 21:33:21.184 [I] [asm_amd64.s:1373]  http server Running on http://:8080
2020/04/21 21:33:28.127 [I] [asm_amd64.s:1373]  http server Running on http://:8080
2020/04/21 21:33:29.118 [I] [router.go:833]  storage/token:  
2020/04/21 21:33:29.119 [C] [panic.go:967]  the request url is  /storage
2020/04/21 21:33:29.121 [C] [panic.go:967]  Handler crashed with error runtime error: invalid memory address or nil pointer dereference
2020/04/21 21:33:29.121 [C] [panic.go:967]  c:/go/src/runtime/panic.go:967
2020/04/21 21:33:29.122 [C] [panic.go:967]  c:/go/src/runtime/panic.go:212
2020/04/21 21:33:29.122 [C] [panic.go:967]  c:/go/src/runtime/signal_windows.go:246
2020/04/21 21:33:29.123 [C] [panic.go:967]  C:/Users/杨杰/Desktop/yanglt/golang/src/tpl_api/utils/token.go:40
2020/04/21 21:33:29.123 [C] [panic.go:967]  C:/Users/杨杰/Desktop/yanglt/golang/src/tpl_api/utils/token.go:45
2020/04/21 21:33:29.124 [C] [panic.go:967]  C:/Users/杨杰/Desktop/yanglt/golang/src/tpl_api/controllers/storage.go:37
2020/04/21 21:33:29.124 [C] [panic.go:967]  C:/Users/杨杰/Desktop/yanglt/golang/src/github.com/astaxie/beego/router.go:833
2020/04/21 21:33:29.125 [C] [panic.go:967]  c:/go/src/net/http/server.go:2807
2020/04/21 21:33:29.126 [C] [panic.go:967]  c:/go/src/net/http/server.go:1895
2020/04/21 21:33:29.126 [C] [panic.go:967]  c:/go/src/runtime/asm_amd64.s:1373
2020/04/21 21:33:29.127 [server.go:3059]  [HTTP] http: superfluous response.WriteHeader call from github.com/astaxie/beego/context.(*Response).WriteHeader (context.go:230)
2020/04/21 21:36:59.425 [I] [asm_amd64.s:1373]  http server Running on http://:8080
2020/04/21 21:37:26.776 [I] [asm_amd64.s:1373]  http server Running on http://:8080
2020/04/21 21:37:29.042 [I] [router.go:833]  storage/token:  
2020/04/21 21:37:29.043 [C] [panic.go:967]  the request url is  /storage
2020/04/21 21:37:29.044 [C] [panic.go:967]  Handler crashed with error runtime error: invalid memory address or nil pointer dereference
2020/04/21 21:37:29.044 [C] [panic.go:967]  c:/go/src/runtime/panic.go:967
2020/04/21 21:37:29.044 [C] [panic.go:967]  c:/go/src/runtime/panic.go:212
2020/04/21 21:37:29.045 [C] [panic.go:967]  c:/go/src/runtime/signal_windows.go:246
2020/04/21 21:37:29.045 [C] [panic.go:967]  C:/Users/杨杰/Desktop/yanglt/golang/src/tpl_api/utils/token.go:40
2020/04/21 21:37:29.045 [C] [panic.go:967]  C:/Users/杨杰/Desktop/yanglt/golang/src/tpl_api/utils/token.go:45
2020/04/21 21:37:29.046 [C] [panic.go:967]  C:/Users/杨杰/Desktop/yanglt/golang/src/tpl_api/controllers/storage.go:37
2020/04/21 21:37:29.046 [C] [panic.go:967]  C:/Users/杨杰/Desktop/yanglt/golang/src/github.com/astaxie/beego/router.go:833
2020/04/21 21:37:29.047 [C] [panic.go:967]  c:/go/src/net/http/server.go:2807
2020/04/21 21:37:29.047 [C] [panic.go:967]  c:/go/src/net/http/server.go:1895
2020/04/21 21:37:29.047 [C] [panic.go:967]  c:/go/src/runtime/asm_amd64.s:1373
2020/04/21 21:37:29.048 [server.go:3059]  [HTTP] http: superfluous response.WriteHeader call from github.com/astaxie/beego/context.(*Response).WriteHeader (context.go:230)
2020/04/21 21:39:31.448 [I] [asm_amd64.s:1373]  http server Running on http://:8080
2020/04/21 21:39:32.859 [I] [router.go:833]  storage/token:  eyJhbGciOiJIUzI1NiIsInR5cCI6IkpXVCJ9.eyJleHAiOjE1ODc3Mjg5OTIsIm9wZW5pZCI6Im9QRktxNWU4MjMzZ1hqUmpkTDRPZFBDZlI5OXMifQ.56hSML25njbMJPuBgPZkqD7652oTeHjZ_sgVTbzqbIo
2020/04/21 21:39:32.862 [I] [router.go:833]  storage/openid:  oPFKq5e8233gXjRjdL4OdPCfR99s
2020/04/21 21:39:32.863 [I] [router.go:833]  storage:  {oPFKq5e8233gXjRjdL4OdPCfR99s 8008-60-4 分析纯 100ML}
2020/04/21 21:39:32.865 [I] [storage.go:43]  StorageQueryInput:  select sum(input_count),check_id,addr from input where cas="8008-60-4" and purity="分析纯" and specs="100ML" group by check_id
2020/04/21 21:39:32.886 [I] [router.go:833]  storagequeryinput:  [{100 211609 丰盛堂C座3楼301 0 0}]
2020/04/21 21:39:32.889 [I] [storage.go:46]  StorageQueryApply:  select sum(apply_count),sum(reinput_count),check_id from apply where cas="8008-60-4" and purity="分析纯" and specs="100ML" group by check_id
2020/04/21 21:39:32.895 [I] [router.go:833]  queryapply:  [{ 100 0}]
2020/04/21 21:39:32.895 [I] [router.go:833]  storage/errCode&errMsg:  0 storage请求成功 [{100 211609 丰盛堂C座3楼301 0 0}]
2020/04/21 21:39:32.897 [D] [server.go:2807]  |            ::1|[42m 200 [0m|    38.8986ms|   match|[44m GET     [0m /storage   r:/storage
2020/04/21 21:39:45.067 [I] [asm_amd64.s:1373]  http server Running on http://:8080
2020/04/21 21:39:51.492 [I] [asm_amd64.s:1373]  http server Running on http://:8080
2020/04/21 21:40:25.445 [I] [asm_amd64.s:1373]  http server Running on http://:8080
2020/04/21 21:40:27.766 [I] [router.go:833]  storage/token:  eyJhbGciOiJIUzI1NiIsInR5cCI6IkpXVCJ9.eyJleHAiOjE1ODc3Mjg5OTIsIm9wZW5pZCI6Im9QRktxNWU4MjMzZ1hqUmpkTDRPZFBDZlI5OXMifQ.56hSML25njbMJPuBgPZkqD7652oTeHjZ_sgVTbzqbIo
2020/04/21 21:40:27.770 [I] [router.go:833]  storage/openid:  oPFKq5e8233gXjRjdL4OdPCfR99s
2020/04/21 21:40:27.771 [I] [router.go:833]  storage:  {oPFKq5e8233gXjRjdL4OdPCfR99s 8008-60-4 化学纯 100ML}
2020/04/21 21:40:27.772 [I] [storage.go:43]  StorageQueryInput:  select sum(input_count),check_id,addr from input where cas="8008-60-4" and purity="化学纯" and specs="100ML" group by check_id
2020/04/21 21:40:27.785 [I] [router.go:833]  storagequeryinput:  [{5099 10086 丰盛堂A座1楼101 0 0} {2000 1008611 丰盛堂A座1楼101 0 0} {2200 211609 丰盛堂A座1楼101 0 0} {3000 661810 丰盛堂A座1楼101 0 0}]
2020/04/21 21:40:27.788 [I] [storage.go:46]  StorageQueryApply:  select sum(apply_count),sum(reinput_count),check_id from apply where cas="8008-60-4" and purity="化学纯" and specs="100ML" group by check_id
2020/04/21 21:40:27.799 [I] [router.go:833]  queryapply:  [{10086 90 222} {1008611 209 33} {211609 1109 34}]
2020/04/21 21:40:27.800 [I] [router.go:833]  storage/errCode&errMsg:  0 storage请求成功 [{5099 10086 丰盛堂A座1楼101 90 222} {2000 1008611 丰盛堂A座1楼101 209 33} {2200 211609 丰盛堂A座1楼101 1109 34} {3000 661810 丰盛堂A座1楼101 0 0}]
2020/04/21 21:40:27.802 [D] [server.go:2807]  |            ::1|[42m 200 [0m|    35.4628ms|   match|[44m GET     [0m /storage   r:/storage
2020/04/21 21:40:49.464 [I] [asm_amd64.s:1373]  http server Running on http://:8080
2020/04/21 21:41:07.951 [I] [asm_amd64.s:1373]  http server Running on http://:8080
2020/04/21 21:41:21.066 [I] [asm_amd64.s:1373]  http server Running on http://:8080
2020/04/21 21:41:40.432 [I] [asm_amd64.s:1373]  http server Running on http://:8080
2020/04/21 21:41:58.331 [I] [asm_amd64.s:1373]  http server Running on http://:8080
2020/04/21 21:42:01.371 [I] [router.go:833]  order/token:  eyJhbGciOiJIUzI1NiIsInR5cCI6IkpXVCJ9.eyJleHAiOjE1ODc3Mjg5OTIsIm9wZW5pZCI6Im9QRktxNWU4MjMzZ1hqUmpkTDRPZFBDZlI5OXMifQ.56hSML25njbMJPuBgPZkqD7652oTeHjZ_sgVTbzqbIo
2020/04/21 21:42:01.372 [I] [router.go:833]  order/openid:  oPFKq5e8233gXjRjdL4OdPCfR99s
2020/04/21 21:42:01.373 [I] [order.go:37]  OrderQueryInput:  select order_id, addr, input_use, check_id, check_flag, cas, purity, specs, input_count,create_time from input where openid="oPFKq5e8233gXjRjdL4OdPCfR99s" order by create_time DESC
2020/04/21 21:42:01.380 [I] [router.go:833]  orderqueryinput:  [{431870009056 丰盛堂C座3楼301 教学 211609 0 8008-60-4 分析纯 100ML 100 2020-04-21 21:28:57} {7600500019973 丰盛堂A座1楼101 教学 10086 0 8008-60-4 化学纯 100ML 99 2020-04-19 14:00:05} {7536900015680 丰盛堂A座1楼101 教学 211609 0 8008-60-4 化学纯 100ML 200 2020-04-19 13:49:29} {7184900015993 丰盛堂A座1楼101 教学 211609 0 8008-60-4 化学纯 100ML 1000 2020-04-12 14:10:49} {5938300018034 丰盛堂A座1楼101 教学 10086 0 8008-60-4 化学纯 100ML 1000 2020-04-07 19:36:24} {5172400010581 丰盛堂A座1楼101 教学 10086 0 8008-60-4 化学纯 100ML 4000 2020-04-07 17:28:44} {5125200011404 丰盛堂A座1楼101 教学 661810 0 8008-60-4 化学纯 100ML 3000 2020-04-07 17:20:52} {5048500015536 丰盛堂A座1楼101 教学 1008611 0 8008-60-4 化学纯 100ML 2000 2020-04-07 17:08:06} {431870009055 丰盛堂A座1楼101 教学 211609 1 8008-60-4 化学纯 100ML 1000 2020-04-07 15:06:27}]
2020/04/21 21:42:01.382 [I] [order.go:40]  OrderQueryApply:  select order_id, addr, apply_use, check_id, check_flag, cas, purity, specs, apply_count, apply_time, create_time from apply where openid="oPFKq5e8233gXjRjdL4OdPCfR99s" order by create_time DESC
2020/04/21 21:42:01.386 [I] [router.go:833]  orderqueryapply:  [{6040500014526 丰盛堂C座3楼301 教学 211609 0 8008-60-4 分析纯 100ML 100 2020-04-21 2020-04-21 21:24:57} {7593600012938 丰盛堂A座1楼101 教学 10086 0 8008-60-4 化学纯 100ML 90 2020-04-19 2020-04-19 13:58:56} {7351400010689 丰盛堂A座1楼101 教学 211609 0 7664-41-7 化学纯 100ML 808 2020-04-19 2020-04-19 13:18:34} {7196100011123 丰盛堂A座1楼101 教学 211609 0 8008-60-4 化学纯 100ML 299 2020-04-12 2020-04-12 14:12:41} {7554800014508 丰盛堂A座1楼101 教学 1008611 0 8008-60-4 化学纯 100ML 209 2020-04-08 2020-04-08 00:05:48} {6054500018582 丰盛堂A座1楼101 教学 211609 0 8008-60-4 化学纯 100ML 320 2020-04-07 2020-04-07 19:55:45} {6040500014525 丰盛堂A座1楼101 教学 211609 1 8008-60-4 化学纯 100ML 490 2020-04-07 2020-04-07 19:53:25}]
2020/04/21 21:42:01.388 [I] [router.go:833]  order/errCode&errMsg:  0 order请求成功 [{431870009056 丰盛堂C座3楼301 教学 211609 0 8008-60-4 分析纯 100ML 100 2020-04-21 21:28:57} {7600500019973 丰盛堂A座1楼101 教学 10086 0 8008-60-4 化学纯 100ML 99 2020-04-19 14:00:05} {7536900015680 丰盛堂A座1楼101 教学 211609 0 8008-60-4 化学纯 100ML 200 2020-04-19 13:49:29} {7184900015993 丰盛堂A座1楼101 教学 211609 0 8008-60-4 化学纯 100ML 1000 2020-04-12 14:10:49} {5938300018034 丰盛堂A座1楼101 教学 10086 0 8008-60-4 化学纯 100ML 1000 2020-04-07 19:36:24} {5172400010581 丰盛堂A座1楼101 教学 10086 0 8008-60-4 化学纯 100ML 4000 2020-04-07 17:28:44} {5125200011404 丰盛堂A座1楼101 教学 661810 0 8008-60-4 化学纯 100ML 3000 2020-04-07 17:20:52} {5048500015536 丰盛堂A座1楼101 教学 1008611 0 8008-60-4 化学纯 100ML 2000 2020-04-07 17:08:06} {431870009055 丰盛堂A座1楼101 教学 211609 1 8008-60-4 化学纯 100ML 1000 2020-04-07 15:06:27}] [{6040500014526 丰盛堂C座3楼301 教学 211609 0 8008-60-4 分析纯 100ML 100 2020-04-21 2020-04-21 21:24:57} {7593600012938 丰盛堂A座1楼101 教学 10086 0 8008-60-4 化学纯 100ML 90 2020-04-19 2020-04-19 13:58:56} {7351400010689 丰盛堂A座1楼101 教学 211609 0 7664-41-7 化学纯 100ML 808 2020-04-19 2020-04-19 13:18:34} {7196100011123 丰盛堂A座1楼101 教学 211609 0 8008-60-4 化学纯 100ML 299 2020-04-12 2020-04-12 14:12:41} {7554800014508 丰盛堂A座1楼101 教学 1008611 0 8008-60-4 化学纯 100ML 209 2020-04-08 2020-04-08 00:05:48} {6054500018582 丰盛堂A座1楼101 教学 211609 0 8008-60-4 化学纯 100ML 320 2020-04-07 2020-04-07 19:55:45} {6040500014525 丰盛堂A座1楼101 教学 211609 1 8008-60-4 化学纯 100ML 490 2020-04-07 2020-04-07 19:53:25}]
2020/04/21 21:42:01.391 [D] [server.go:2807]  |            ::1|[42m 200 [0m|    19.9477ms|   match|[44m GET     [0m /order   r:/order
2020/04/21 21:42:20.069 [I] [asm_amd64.s:1373]  http server Running on http://:8080
2020/04/21 21:42:40.905 [I] [asm_amd64.s:1373]  http server Running on http://:8080
2020/04/21 21:43:08.691 [I] [asm_amd64.s:1373]  http server Running on http://:8080
2020/04/21 21:43:24.017 [I] [asm_amd64.s:1373]  http server Running on http://:8080
2020/04/21 21:43:46.150 [I] [asm_amd64.s:1373]  http server Running on http://:8080
2020/04/21 21:44:51.875 [I] [asm_amd64.s:1373]  http server Running on http://:8080
2020/04/21 21:45:58.899 [I] [asm_amd64.s:1373]  http server Running on http://:8080
2020/04/21 21:46:01.282 [I] [asm_amd64.s:1373]  http server Running on http://:8080
2020/04/21 21:46:32.318 [I] [asm_amd64.s:1373]  http server Running on http://:8080
2020/04/21 21:46:34.682 [I] [router.go:835]  reInput/token:  eyJhbGciOiJIUzI1NiIsInR5cCI6IkpXVCJ9.eyJleHAiOjE1ODc3Mjg5OTIsIm9wZW5pZCI6Im9QRktxNWU4MjMzZ1hqUmpkTDRPZFBDZlI5OXMifQ.56hSML25njbMJPuBgPZkqD7652oTeHjZ_sgVTbzqbIo
2020/04/21 21:46:34.683 [I] [router.go:835]  reInput/openid:  oPFKq5e8233gXjRjdL4OdPCfR99s
2020/04/21 21:46:34.684 [I] [reInput.go:35]  UpdateReInput:  update apply set reinput_id="7672700016003", reinput_count="80", reinput_time="2020-04-21" where order_id="6040500014526" and openid="oPFKq5e8233gXjRjdL4OdPCfR99s"
2020/04/21 21:46:34.699 [I] [router.go:835]  更新reInput成功, id =  1
2020/04/21 21:46:34.700 [I] [router.go:835]  reInput/errCode&errMsg:  0 reInput请求成功
2020/04/21 21:46:34.701 [D] [server.go:2807]  |            ::1|[42m 200 [0m|    18.8058ms|   match|[46m POST    [0m /reinput   r:/reinput
2020/04/21 21:47:13.838 [I] [asm_amd64.s:1373]  http server Running on http://:8080
2020/04/21 21:48:11.693 [I] [asm_amd64.s:1373]  http server Running on http://:8080
2020/04/21 21:48:35.367 [I] [asm_amd64.s:1373]  http server Running on http://:8080
2020/04/21 21:48:37.050 [I] [msds.go:25]  msds/id: kot0me
2020/04/21 21:48:37.052 [I] [msds.go:25]  msds/name: 阿片
2020/04/21 21:48:37.055 [I] [router.go:833]  apply/errCode&errMsg:  0 msds请求成功 kot0me 阿片
2020/04/21 21:48:37.057 [D] [server.go:2807]  |            ::1|[42m 200 [0m|   475.2071ms|   match|[44m GET     [0m /msds   r:/msds
2020/04/21 23:21:15.244 [I] [asm_amd64.s:1373]  http server Running on http://:8080
2020/04/21 23:30:36.486 [I] [asm_amd64.s:1373]  http server Running on http://:8080
2020/04/21 23:30:46.260 [I] [asm_amd64.s:1373]  http server Running on http://:8080
2020/04/21 23:31:00.705 [I] [asm_amd64.s:1373]  http server Running on http://:8080
2020/04/21 23:34:43.542 [I] [asm_amd64.s:1373]  http server Running on http://:8080
2020/04/21 23:35:32.580 [I] [asm_amd64.s:1373]  http server Running on http://:8080
2020/04/21 23:36:15.766 [I] [asm_amd64.s:1373]  http server Running on http://:8080
2020/04/21 23:36:17.561 [I] [asm_amd64.s:1373]  http server Running on http://:8080
2020/04/21 23:59:05.129 [I] [asm_amd64.s:1373]  http server Running on http://:8080
2020/04/21 23:59:09.998 [I] [router.go:835]  apply/token:  eyJhbGciOiJIUzI1NiIsInR5cCI6IkpXVCJ9.eyJleHAiOjE1ODc3Mjg5OTIsIm9wZW5pZCI6Im9QRktxNWU4MjMzZ1hqUmpkTDRPZFBDZlI5OXMifQ.56hSML25njbMJPuBgPZkqD7652oTeHjZ_sgVTbzqbIo
2020/04/21 23:59:09.999 [I] [router.go:835]  apply/openid:  oPFKq5e8233gXjRjdL4OdPCfR99s
2020/04/21 23:59:10.000 [I] [router.go:835]  apply:  {oPFKq5e8233gXjRjdL4OdPCfR99s 6040500014526 yanglt 16327114 丰盛堂C座3楼301 2020-04-21 教学 211609 8008-60-4 分析纯 100ML 100}
2020/04/21 23:59:10.016 [I] [router.go:835]  将apply存入数据库中成功, id =  1
2020/04/21 23:59:10.017 [I] [router.go:835]  apply/errCode&errMsg:  0 apply请求成功
2020/04/21 23:59:10.018 [D] [server.go:2807]  |            ::1|[42m 200 [0m|    21.0926ms|   match|[46m POST    [0m /apply   r:/apply
2020/04/21 23:59:10.020 [I] [router.go:835]  auth/token:  eyJhbGciOiJIUzI1NiIsInR5cCI6IkpXVCJ9.eyJleHAiOjE1ODc3Mjg5OTIsIm9wZW5pZCI6Im9QRktxNWU4MjMzZ1hqUmpkTDRPZFBDZlI5OXMifQ.56hSML25njbMJPuBgPZkqD7652oTeHjZ_sgVTbzqbIo
2020/04/21 23:59:10.021 [I] [router.go:835]  auth/openid:  oPFKq5e8233gXjRjdL4OdPCfR99s
2020/04/21 23:59:10.021 [I] [auth.go:28]  QueryUserId:  select id from users where openid="oPFKq5e8233gXjRjdL4OdPCfR99s"
2020/04/21 23:59:10.022 [I] [router.go:835]  auth/errCode&errMsg:  0 auth请求成功
2020/04/21 23:59:10.023 [D] [server.go:2807]  |            ::1|[42m 200 [0m|     2.9928ms|   match|[46m POST    [0m /auth   r:/auth
2020/04/21 23:59:10.024 [I] [router.go:835]  input/token:  eyJhbGciOiJIUzI1NiIsInR5cCI6IkpXVCJ9.eyJleHAiOjE1ODc3Mjg5OTIsIm9wZW5pZCI6Im9QRktxNWU4MjMzZ1hqUmpkTDRPZFBDZlI5OXMifQ.56hSML25njbMJPuBgPZkqD7652oTeHjZ_sgVTbzqbIo
2020/04/21 23:59:10.025 [I] [router.go:835]  input/openid:  oPFKq5e8233gXjRjdL4OdPCfR99s
2020/04/21 23:59:10.025 [I] [router.go:835]  input:  {oPFKq5e8233gXjRjdL4OdPCfR99s 431870009056 yanglt 16327114 丰盛堂C座3楼301 教学 211609 8008-60-4 分析纯 100ML 100 hope hope 84115662}
2020/04/21 23:59:10.031 [I] [router.go:835]  将input存入数据库中成功, id =  1
2020/04/21 23:59:10.031 [I] [router.go:835]  input/errCode&errMsg:  0 input请求成功
2020/04/21 23:59:10.032 [D] [server.go:2807]  |            ::1|[42m 200 [0m|     7.9819ms|   match|[46m POST    [0m /input   r:/input
2020/04/21 23:59:10.033 [I] [router.go:835]  code:  
2020/04/21 23:59:10.429 [E] [router.go:835]  missing code, hints: [ req_id: 6lkBvNLnRa-xlfdla ]
2020/04/21 23:59:10.430 [E] [router.go:835]  41008
2020/04/21 23:59:10.430 [D] [server.go:2807]  |            ::1|[42m 200 [0m|   396.9389ms|   match|[46m POST    [0m /login   r:/login
2020/04/21 23:59:10.758 [I] [msds.go:25]  msds/id: kot0me
2020/04/21 23:59:10.759 [I] [msds.go:25]  msds/name: 阿片
2020/04/21 23:59:10.759 [I] [router.go:833]  apply/errCode&errMsg:  0 msds请求成功 kot0me 阿片
2020/04/21 23:59:10.760 [D] [server.go:2807]  |            ::1|[42m 200 [0m|   329.1188ms|   match|[44m GET     [0m /msds   r:/msds
2020/04/21 23:59:10.763 [I] [router.go:835]  note/token:  eyJhbGciOiJIUzI1NiIsInR5cCI6IkpXVCJ9.eyJleHAiOjE1ODc3Mjg5OTIsIm9wZW5pZCI6Im9QRktxNWU4MjMzZ1hqUmpkTDRPZFBDZlI5OXMifQ.56hSML25njbMJPuBgPZkqD7652oTeHjZ_sgVTbzqbIo
2020/04/21 23:59:10.763 [I] [router.go:835]  note/openid:  oPFKq5e8233gXjRjdL4OdPCfR99s
2020/04/21 23:59:10.764 [I] [router.go:835]  note:  {oPFKq5e8233gXjRjdL4OdPCfR99s 6040500014526 8008-60-4 note}
2020/04/21 23:59:10.764 [I] [note.go:37]  UpdateNote:  update apply set note="note" where order_id="6040500014526" and openid="oPFKq5e8233gXjRjdL4OdPCfR99s"
2020/04/21 23:59:10.773 [I] [router.go:835]  更新note成功, id =  2
2020/04/21 23:59:10.774 [I] [router.go:835]  note/errCode&errMsg:  0 note请求成功
2020/04/21 23:59:10.775 [D] [server.go:2807]  |            ::1|[42m 200 [0m|    11.9785ms|   match|[46m POST    [0m /note   r:/note
2020/04/21 23:59:10.776 [I] [router.go:833]  order/token:  eyJhbGciOiJIUzI1NiIsInR5cCI6IkpXVCJ9.eyJleHAiOjE1ODc3Mjg5OTIsIm9wZW5pZCI6Im9QRktxNWU4MjMzZ1hqUmpkTDRPZFBDZlI5OXMifQ.56hSML25njbMJPuBgPZkqD7652oTeHjZ_sgVTbzqbIo
2020/04/21 23:59:10.776 [I] [router.go:833]  order/openid:  oPFKq5e8233gXjRjdL4OdPCfR99s
2020/04/21 23:59:10.777 [I] [order.go:37]  OrderQueryInput:  select order_id, addr, input_use, check_id, check_flag, cas, purity, specs, input_count,create_time from input where openid="oPFKq5e8233gXjRjdL4OdPCfR99s" order by create_time DESC
2020/04/21 23:59:10.780 [I] [router.go:833]  orderqueryinput:  [{431870009056 丰盛堂C座3楼301 教学 211609 0 8008-60-4 分析纯 100ML 100 2020-04-21 23:59:10} {431870009056 丰盛堂C座3楼301 教学 211609 0 8008-60-4 分析纯 100ML 100 2020-04-21 21:28:57} {7600500019973 丰盛堂A座1楼101 教学 10086 0 8008-60-4 化学纯 100ML 99 2020-04-19 14:00:05} {7536900015680 丰盛堂A座1楼101 教学 211609 0 8008-60-4 化学纯 100ML 200 2020-04-19 13:49:29} {7184900015993 丰盛堂A座1楼101 教学 211609 0 8008-60-4 化学纯 100ML 1000 2020-04-12 14:10:49} {5938300018034 丰盛堂A座1楼101 教学 10086 0 8008-60-4 化学纯 100ML 1000 2020-04-07 19:36:24} {5172400010581 丰盛堂A座1楼101 教学 10086 0 8008-60-4 化学纯 100ML 4000 2020-04-07 17:28:44} {5125200011404 丰盛堂A座1楼101 教学 661810 0 8008-60-4 化学纯 100ML 3000 2020-04-07 17:20:52} {5048500015536 丰盛堂A座1楼101 教学 1008611 0 8008-60-4 化学纯 100ML 2000 2020-04-07 17:08:06} {431870009055 丰盛堂A座1楼101 教学 211609 1 8008-60-4 化学纯 100ML 1000 2020-04-07 15:06:27}]
2020/04/21 23:59:10.782 [I] [order.go:40]  OrderQueryApply:  select order_id, addr, apply_use, check_id, check_flag, cas, purity, specs, apply_count, apply_time, create_time from apply where openid="oPFKq5e8233gXjRjdL4OdPCfR99s" order by create_time DESC
2020/04/21 23:59:10.783 [I] [router.go:833]  orderqueryapply:  [{6040500014526 丰盛堂C座3楼301 教学 211609 0 8008-60-4 分析纯 100ML 100 2020-04-21 2020-04-21 23:59:10} {6040500014526 丰盛堂C座3楼301 教学 211609 0 8008-60-4 分析纯 100ML 100 2020-04-21 2020-04-21 21:24:57} {7593600012938 丰盛堂A座1楼101 教学 10086 0 8008-60-4 化学纯 100ML 90 2020-04-19 2020-04-19 13:58:56} {7351400010689 丰盛堂A座1楼101 教学 211609 0 7664-41-7 化学纯 100ML 808 2020-04-19 2020-04-19 13:18:34} {7196100011123 丰盛堂A座1楼101 教学 211609 0 8008-60-4 化学纯 100ML 299 2020-04-12 2020-04-12 14:12:41} {7554800014508 丰盛堂A座1楼101 教学 1008611 0 8008-60-4 化学纯 100ML 209 2020-04-08 2020-04-08 00:05:48} {6054500018582 丰盛堂A座1楼101 教学 211609 0 8008-60-4 化学纯 100ML 320 2020-04-07 2020-04-07 19:55:45} {6040500014525 丰盛堂A座1楼101 教学 211609 1 8008-60-4 化学纯 100ML 490 2020-04-07 2020-04-07 19:53:25}]
2020/04/21 23:59:10.785 [I] [router.go:833]  order/errCode&errMsg:  0 order请求成功 [{431870009056 丰盛堂C座3楼301 教学 211609 0 8008-60-4 分析纯 100ML 100 2020-04-21 23:59:10} {431870009056 丰盛堂C座3楼301 教学 211609 0 8008-60-4 分析纯 100ML 100 2020-04-21 21:28:57} {7600500019973 丰盛堂A座1楼101 教学 10086 0 8008-60-4 化学纯 100ML 99 2020-04-19 14:00:05} {7536900015680 丰盛堂A座1楼101 教学 211609 0 8008-60-4 化学纯 100ML 200 2020-04-19 13:49:29} {7184900015993 丰盛堂A座1楼101 教学 211609 0 8008-60-4 化学纯 100ML 1000 2020-04-12 14:10:49} {5938300018034 丰盛堂A座1楼101 教学 10086 0 8008-60-4 化学纯 100ML 1000 2020-04-07 19:36:24} {5172400010581 丰盛堂A座1楼101 教学 10086 0 8008-60-4 化学纯 100ML 4000 2020-04-07 17:28:44} {5125200011404 丰盛堂A座1楼101 教学 661810 0 8008-60-4 化学纯 100ML 3000 2020-04-07 17:20:52} {5048500015536 丰盛堂A座1楼101 教学 1008611 0 8008-60-4 化学纯 100ML 2000 2020-04-07 17:08:06} {431870009055 丰盛堂A座1楼101 教学 211609 1 8008-60-4 化学纯 100ML 1000 2020-04-07 15:06:27}] [{6040500014526 丰盛堂C座3楼301 教学 211609 0 8008-60-4 分析纯 100ML 100 2020-04-21 2020-04-21 23:59:10} {6040500014526 丰盛堂C座3楼301 教学 211609 0 8008-60-4 分析纯 100ML 100 2020-04-21 2020-04-21 21:24:57} {7593600012938 丰盛堂A座1楼101 教学 10086 0 8008-60-4 化学纯 100ML 90 2020-04-19 2020-04-19 13:58:56} {7351400010689 丰盛堂A座1楼101 教学 211609 0 7664-41-7 化学纯 100ML 808 2020-04-19 2020-04-19 13:18:34} {7196100011123 丰盛堂A座1楼101 教学 211609 0 8008-60-4 化学纯 100ML 299 2020-04-12 2020-04-12 14:12:41} {7554800014508 丰盛堂A座1楼101 教学 1008611 0 8008-60-4 化学纯 100ML 209 2020-04-08 2020-04-08 00:05:48} {6054500018582 丰盛堂A座1楼101 教学 211609 0 8008-60-4 化学纯 100ML 320 2020-04-07 2020-04-07 19:55:45} {6040500014525 丰盛堂A座1楼101 教学 211609 1 8008-60-4 化学纯 100ML 490 2020-04-07 2020-04-07 19:53:25}]
2020/04/21 23:59:10.787 [D] [server.go:2807]  |            ::1|[42m 200 [0m|    10.9705ms|   match|[44m GET     [0m /order   r:/order
2020/04/21 23:59:10.789 [I] [router.go:835]  reInput/token:  eyJhbGciOiJIUzI1NiIsInR5cCI6IkpXVCJ9.eyJleHAiOjE1ODc3Mjg5OTIsIm9wZW5pZCI6Im9QRktxNWU4MjMzZ1hqUmpkTDRPZFBDZlI5OXMifQ.56hSML25njbMJPuBgPZkqD7652oTeHjZ_sgVTbzqbIo
2020/04/21 23:59:10.790 [I] [router.go:835]  reInput/openid:  oPFKq5e8233gXjRjdL4OdPCfR99s
2020/04/21 23:59:10.790 [I] [reInput.go:35]  UpdateReInput:  update apply set reinput_id="7672700016003", reinput_count="80", reinput_time="2020-04-21" where order_id="6040500014526" and openid="oPFKq5e8233gXjRjdL4OdPCfR99s"
2020/04/21 23:59:10.792 [I] [router.go:835]  更新reInput成功, id =  1
2020/04/21 23:59:10.793 [I] [router.go:835]  reInput/errCode&errMsg:  0 reInput请求成功
2020/04/21 23:59:10.793 [D] [server.go:2807]  |            ::1|[42m 200 [0m|      3.989ms|   match|[46m POST    [0m /reinput   r:/reinput
2020/04/21 23:59:10.794 [I] [router.go:835]  sendUserInfo/token:  eyJhbGciOiJIUzI1NiIsInR5cCI6IkpXVCJ9.eyJleHAiOjE1ODc3Mjg5OTIsIm9wZW5pZCI6Im9QRktxNWU4MjMzZ1hqUmpkTDRPZFBDZlI5OXMifQ.56hSML25njbMJPuBgPZkqD7652oTeHjZ_sgVTbzqbIo
2020/04/21 23:59:10.796 [I] [router.go:835]  sendUserInfo/openid:  oPFKq5e8233gXjRjdL4OdPCfR99s
2020/04/21 23:59:10.796 [I] [sendUserInfo.go:36]  UpdateUser2:  update users set user_name="Y_momo",identity="学生",user_id="16327114",email="yanglt7@163.com" where openid="oPFKq5e8233gXjRjdL4OdPCfR99s"
2020/04/21 23:59:10.797 [I] [router.go:835]  更新user_name, identity, user_id, email成功, id =  0
2020/04/21 23:59:10.797 [I] [router.go:835]  sendUserInfo:  {Y_momo 学生 16327114 yanglt7@163.com oPFKq5e8233gXjRjdL4OdPCfR99s}
2020/04/21 23:59:10.798 [D] [server.go:2807]  |            ::1|[42m 200 [0m|     3.9893ms|   match|[46m POST    [0m /senduserinfo   r:/senduserinfo
2020/04/21 23:59:10.799 [I] [router.go:833]  storage/token:  eyJhbGciOiJIUzI1NiIsInR5cCI6IkpXVCJ9.eyJleHAiOjE1ODc3Mjg5OTIsIm9wZW5pZCI6Im9QRktxNWU4MjMzZ1hqUmpkTDRPZFBDZlI5OXMifQ.56hSML25njbMJPuBgPZkqD7652oTeHjZ_sgVTbzqbIo
2020/04/21 23:59:10.799 [I] [router.go:833]  storage/openid:  oPFKq5e8233gXjRjdL4OdPCfR99s
2020/04/21 23:59:10.800 [I] [router.go:833]  storage:  {oPFKq5e8233gXjRjdL4OdPCfR99s 8008-60-4 化学纯 100ML}
2020/04/21 23:59:10.800 [I] [storage.go:43]  StorageQueryInput:  select sum(input_count),check_id,addr from input where cas="8008-60-4" and purity="化学纯" and specs="100ML" group by check_id
2020/04/21 23:59:10.801 [I] [router.go:833]  storagequeryinput:  [{5099 10086 丰盛堂A座1楼101 0 0} {2000 1008611 丰盛堂A座1楼101 0 0} {2200 211609 丰盛堂A座1楼101 0 0} {3000 661810 丰盛堂A座1楼101 0 0}]
2020/04/21 23:59:10.802 [I] [storage.go:46]  StorageQueryApply:  select sum(apply_count),sum(reinput_count),check_id from apply where cas="8008-60-4" and purity="化学纯" and specs="100ML" group by check_id
2020/04/21 23:59:10.802 [I] [router.go:833]  queryapply:  [{10086 90 222} {1008611 209 33} {211609 1109 34}]
2020/04/21 23:59:10.802 [I] [router.go:833]  storage/errCode&errMsg:  0 storage请求成功 [{5099 10086 丰盛堂A座1楼101 90 222} {2000 1008611 丰盛堂A座1楼101 209 33} {2200 211609 丰盛堂A座1楼101 1109 34} {3000 661810 丰盛堂A座1楼101 0 0}]
2020/04/21 23:59:10.803 [D] [server.go:2807]  |            ::1|[42m 200 [0m|     3.9889ms|   match|[44m GET     [0m /storage   r:/storage
